#
# There is insufficient memory for the Java Runtime Environment to continue.
# Native memory allocation (malloc) failed to allocate 32744 bytes for ChunkPool::allocate
# Possible reasons:
#   The system is out of physical RAM or swap space
#   The process is running with CompressedOops enabled, and the Java Heap may be blocking the growth of the native heap
# Possible solutions:
#   Reduce memory load on the system
#   Increase physical memory or swap space
#   Check if swap backing store is full
#   Decrease Java heap size (-Xmx/-Xms)
#   Decrease number of Java threads
#   Decrease Java thread stack sizes (-Xss)
#   Set larger code cache with -XX:ReservedCodeCacheSize=
#   JVM is running with Unscaled Compressed Oops mode in which the Java heap is
#     placed in the first 4GB address space. The Java Heap base address is the
#     maximum limit for the native heap growth. Please use -XX:HeapBaseMinAddress
#     to set the Java Heap base and to place the Java Heap above 4GB virtual address.
# This output file may be truncated or incomplete.
#
#  Out of Memory Error (arena.cpp:79), pid=3732, tid=740
#
# JRE version: OpenJDK Runtime Environment Temurin-17.0.10+7 (17.0.10+7) (build 17.0.10+7)
# Java VM: OpenJDK 64-Bit Server VM Temurin-17.0.10+7 (17.0.10+7, mixed mode, sharing, tiered, compressed oops, compressed class ptrs, serial gc, windows-amd64)
# Core dump will be written. Default location: c:\Users\Administrator\Desktop\Repos\CICD\Catalogue\hs_err_pid3732.mdmp
#

---------------  S U M M A R Y ------------

Command Line: -Xms256m -Xmx2048m c:\Users\Administrator\.vscode\extensions\nicolasvuillamy.vscode-groovy-lint-3.2.3\server\node_modules\npm-groovy-lint\lib/java/CodeNarcServer.jar --file C:\Users\ADMINI~1\AppData\Local\Temp\2\npm-groovy-lint\codeNarcTmpDir_0.44427699514932106\Jenkinsfile --parse -basedir=C:\Users\ADMINI~1\AppData\Local\Temp\2\npm-groovy-lint\codeNarcTmpDir_0.44427699514932106 -ruleset=%7B%22AbstractClassName%22%3A%7B%7D%2C%22AbstractClassWithoutAbstractMethod%22%3A%7B%7D%2C%22AbstractClassWithPublicConstructor%22%3A%7B%7D%2C%22AddEmptyString%22%3A%7B%7D%2C%22AssertWithinFinallyBlock%22%3A%7B%7D%2C%22AssignCollectionSort%22%3A%7B%7D%2C%22AssignCollectionUnique%22%3A%7B%7D%2C%22AssignmentInConditional%22%3A%7B%7D%2C%22AssignmentToStaticFieldFromInstanceMethod%22%3A%7B%7D%2C%22BigDecimalInstantiation%22%3A%7B%7D%2C%22BitwiseOperatorInConditional%22%3A%7B%7D%2C%22BlankLineBeforePackage%22%3A%7B%7D%2C%22BlockEndsWithBlankLine%22%3A%7B%7D%2C%22BlockStartsWithBlankLine%22%3A%7B%7D%2C%22BooleanGetBoolean%22%3A%7B%7D%2C%22BooleanMethodReturnsNull%22%3A%7B%7D%2C%22BracesForClass%22%3A%7B%22priority%22%3A3%7D%2C%22BracesForForLoop%22%3A%7B%22priority%22%3A3%7D%2C%22BracesForIfElse%22%3A%7B%22priority%22%3A3%7D%2C%22BracesForMethod%22%3A%7B%22priority%22%3A3%7D%2C%22BracesForTryCatchFinally%22%3A%7B%22priority%22%3A3%7D%2C%22BrokenNullCheck%22%3A%7B%7D%2C%22BrokenOddnessCheck%22%3A%7B%7D%2C%22BuilderMethodWithSideEffects%22%3A%7B%7D%2C%22BusyWait%22%3A%7B%7D%2C%22CatchArrayIndexOutOfBoundsException%22%3A%7B%7D%2C%22CatchError%22%3A%7B%7D%2C%22CatchException%22%3A%7B%7D%2C%22CatchIllegalMonitorStateException%22%3A%7B%7D%2C%22CatchIndexOutOfBoundsException%22%3A%7B%7D%2C%22CatchNullPointerException%22%3A%7B%7D%2C%22CatchRuntimeException%22%3A%7B%7D%2C%22CatchThrowable%22%3A%7B%7D%2C%22ChainedTest%22%3A%7B%7D%2C%22ClassEndsWithBlankLine%22%3A%7B%7D%2C%22ClassForName%22%3A%7B%7D%2C%22ClassJavadoc%22%3A%7B%7D%2C%22ClassName%22%3A%7B%7D%2C%22ClassNameSameAsFilename%22%3A%7B%7D%2C%22ClassNameSameAsSuperclass%22%3A%7B%7D%2C%22ClassSize%22%3A%7B%7D%2C%22ClassStartsWithBlankLine%22%3A%7B%7D%2C%22CloneableWithoutClone%22%3A%7B%7D%2C%22CloneWithoutCloneable%22%3A%7B%7D%2C%22CloseWithoutCloseable%22%3A%7B%7D%2C%22ClosureAsLastMethodParameter%22%3A%7B%7D%2C%22ClosureStatementOnOpeningLineOfMultipleLineClosure%22%3A%7B%7D%2C%22CollectAllIsDeprecated%22%3A%7B%7D%2C%22CompareToWithoutComparable%22%3A%7B%7D%2C%22ComparisonOfTwoConstants%22%3A%7B%7D%2C%22ComparisonWithSelf%22%3A%7B%7D%2C%22CompileStatic%22%3A%7B%22priority%22%3A3%7D%2C%22ConfusingClassNamedException%22%3A%7B%7D%2C%22ConfusingMethodName%22%3A%7B%7D%2C%22ConfusingMultipleReturns%22%3A%7B%7D%2C%22ConfusingTernary%22%3A%7B%7D%2C%22ConsecutiveBlankLines%22%3A%7B%7D%2C%22ConsecutiveLiteralAppends%22%3A%7B%7D%2C%22ConsecutiveStringConcatenation%22%3A%7B%7D%2C%22ConstantAssertExpression%22%3A%7B%7D%2C%22ConstantIfExpression%22%3A%7B%7D%2C%22ConstantsOnlyInterface%22%3A%7B%7D%2C%22ConstantTernaryExpression%22%3A%7B%7D%2C%22CouldBeElvis%22%3A%7B%7D%2C%22CouldBeSwitchStatement%22%3A%7B%7D%2C%22CoupledTestCase%22%3A%7B%7D%2C%22DeadCode%22%3A%7B%22priority%22%3A1%7D%2C%22DirectConnectionManagement%22%3A%7B%7D%2C%22DoubleCheckedLocking%22%3A%7B%7D%2C%22DoubleNegative%22%3A%7B%7D%2C%22DuplicateCaseStatement%22%3A%7B%7D%2C%22DuplicateImport%22%3A%7B%7D%2C%22DuplicateListLiteral%22%3A%7B%22priority%22%3A3%7D%2C%22DuplicateMapKey%22%3A%7B%7D%2C%22DuplicateMapLiteral%22%3A%7B%22priority%22%3A2%7D%2C%22DuplicateNumberLiteral%22%3A%7B%22priority%22%3A3%2C%22ignoreNumbers%22%3A%5B0%2C1%2C2%2C3%2C-1%5D%7D%2C%22DuplicateSetValue%22%3A%7B%7D%2C%22DuplicateStringLiteral%22%3A%7B%22priority%22%3A3%7D%2C%22ElseBlockBraces%22%3A%7B%7D%2C%22EmptyCatchBlock%22%3A%7B%7D%2C%22EmptyClass%22%3A%7B%7D%2C%22EmptyElseBlock%22%3A%7B%7D%2C%22EmptyFinallyBlock%22%3A%7B%7D%2C%22EmptyForStatement%22%3A%7B%7D%2C%22EmptyIfStatement%22%3A%7B%7D%2C%22EmptyInstanceInitializer%22%3A%7B%7D%2C%22EmptyMethod%22%3A%7B%7D%2C%22EmptyMethodInAbstractClass%22%3A%7B%7D%2C%22EmptyStaticInitializer%22%3A%7B%7D%2C%22EmptySwitchStatement%22%3A%7B%7D%2C%22EmptySynchronizedStatement%22%3A%7B%7D%2C%22EmptyTryBlock%22%3A%7B%7D%2C%22EmptyWhileStatement%22%3A%7B%7D%2C%22EnumCustomSerializationIgnored%22%3A%7B%7D%2C%22EqualsAndHashCode%22%3A%7B%7D%2C%22EqualsOverloaded%22%3A%7B%7D%2C%22ExceptionExtendsError%22%3A%7B%7D%2C%22ExceptionExtendsThrowable%22%3A%7B%7D%2C%22ExceptionNotThrown%22%3A%7B%7D%2C%22ExplicitArrayListInstantiation%22%3A%7B%7D%2C%22ExplicitCallToAndMethod%22%3A%7B%7D%2C%22ExplicitCallToCompareToMethod%22%3A%7B%7D%2C%22ExplicitCallToDivMethod%22%3A%7B%7D%2C%22ExplicitCallToEqualsMethod%22%3A%7B%22priority%22%3A3%7D%2C%22ExplicitCallToGetAtMethod%22%3A%7B%7D%2C%22ExplicitCallToLeftShiftMethod%22%3A%7B%7D%2C%22ExplicitCallToMinusMethod%22%3A%7B%7D%2C%22ExplicitCallToModMethod%22%3A%7B%7D%2C%22ExplicitCallToMultiplyMethod%22%3A%7B%7D%2C%22ExplicitCallToOrMethod%22%3A%7B%7D%2C%22ExplicitCallToPlusMethod%22%3A%7B%7D%2C%22ExplicitCallToPowerMethod%22%3A%7B%7D%2C%22ExplicitCallToPutAtMethod%22%3A%7B%7D%2C%22ExplicitCallToRightShiftMethod%22%3A%7B%7D%2C%22ExplicitCallToXorMethod%22%3A%7B%7D%2C%22ExplicitGarbageCollection%22%3A%7B%7D%2C%22ExplicitHashMapInstantiation%22%3A%7B%7D%2C%22ExplicitHashSetInstantiation%22%3A%7B%7D%2C%22ExplicitLinkedHashMapInstantiation%22%3A%7B%7D%2C%22ExplicitLinkedListInstantiation%22%3A%7B%7D%2C%22ExplicitStackInstantiation%22%3A%7B%7D%2C%22ExplicitTreeSetInstantiation%22%3A%7B%7D%2C%22FactoryMethodName%22%3A%7B%7D%2C%22FieldName%22%3A%7B%7D%2C%22FieldTypeRequired%22%3A%7B%22priority%22%3A3%7D%2C%22FileCreateTempFile%22%3A%7B%7D%2C%22FileEndsWithoutNewline%22%3A%7B%7D%2C%22FinalClassWithProtectedMember%22%3A%7B%7D%2C%22ForLoopShouldBeWhileLoop%22%3A%7B%7D%2C%22ForStatementBraces%22%3A%7B%7D%2C%22GetterMethodCouldBeProperty%22%3A%7B%7D%2C%22GrailsDomainGormMethods%22%3A%7B%7D%2C%22GrailsDomainHasEquals%22%3A%7B%7D%2C%22GrailsDomainHasToString%22%3A%7B%7D%2C%22GrailsDomainReservedSqlKeywordName%22%3A%7B%7D%2C%22GrailsDomainStringPropertyMaxSize%22%3A%7B%7D%2C%22GrailsDomainWithServiceReference%22%3A%7B%7D%2C%22GrailsDuplicateConstraint%22%3A%7B%7D%2C%22GrailsDuplicateMapping%22%3A%7B%7D%2C%22GrailsMassAssignment%22%3A%7B%7D%2C%22GrailsPublicControllerMethod%22%3A%7B%7D%2C%22GrailsServletContextReference%22%3A%7B%7D%2C%22GrailsStatelessService%22%3A%7B%7D%2C%22GroovyLangImmutable%22%3A%7B%7D%2C%22GStringAsMapKey%22%3A%7B%7D%2C%22GStringExpressionWithinString%22%3A%7B%7D%2C%22HardCodedWindowsFileSeparator%22%3A%7B%7D%2C%22HardCodedWindowsRootDirectory%22%3A%7B%7D%2C%22HashtableIsObsolete%22%3A%7B%7D%2C%22IfStatementBraces%22%3A%7B%7D%2C%22IfStatementCouldBeTernary%22%3A%7B%22priority%22%3A3%7D%2C%22IllegalClassMember%22%3A%7B%7D%2C%22IllegalClassReference%22%3A%7B%7D%2C%22IllegalPackageReference%22%3A%7B%7D%2C%22IllegalRegex%22%3A%7B%7D%2C%22IllegalString%22%3A%7B%7D%2C%22IllegalSubclass%22%3A%7B%7D%2C%22ImplementationAsType%22%3A%7B%7D%2C%22ImplicitClosureParameter%22%3A%7B%7D%2C%22ImplicitReturnStatement%22%3A%7B%7D%2C%22ImportFromSamePackage%22%3A%7B%7D%2C%22ImportFromSunPackages%22%3A%7B%7D%2C%22InconsistentPropertyLocking%22%3A%7B%7D%2C%22InconsistentPropertySynchronization%22%3A%7B%7D%2C%22Indentation%22%3A%7B%22priority%22%3A3%2C%22spacesPerIndentLevel%22%3A4%2C%22enabled%22%3Atrue%7D%2C%22InsecureRandom%22%3A%7B%7D%2C%22Instanceof%22%3A%7B%7D%2C%22IntegerGetInteger%22%3A%7B%7D%2C%22InterfaceName%22%3A%7B%7D%2C%22InterfaceNameSameAsSuperInterface%22%3A%7B%7D%2C%22InvertedCondition%22%3A%7B%7D%2C%22InvertedIfElse%22%3A%7B%7D%2C%22JavadocConsecutiveEmptyLines%22%3A%7B%7D%2C%22JavadocEmptyAuthorTag%22%3A%7B%7D%2C%22JavadocEmptyExceptionTag%22%3A%7B%7D%2C%22JavadocEmptyFirstLine%22%3A%7B%7D%2C%22JavadocEmptyLastLine%22%3A%7B%7D%2C%22JavadocEmptyParamTag%22%3A%7B%7D%2C%22JavadocEmptyReturnTag%22%3A%7B%7D%2C%22JavadocEmptySeeTag%22%3A%7B%7D%2C%22JavadocEmptySinceTag%22%3A%7B%7D%2C%22JavadocEmptyThrowsTag%22%3A%7B%7D%2C%22JavadocEmptyVersionTag%22%3A%7B%7D%2C%22JavadocMissingExceptionDescription%22%3A%7B%7D%2C%22JavadocMissingParamDescription%22%3A%7B%7D%2C%22JavadocMissingThrowsDescription%22%3A%7B%7D%2C%22JavaIoPackageAccess%22%3A%7B%7D%2C%22JdbcConnectionReference%22%3A%7B%7D%2C%22JdbcResultSetReference%22%3A%7B%7D%2C%22JdbcStatementReference%22%3A%7B%7D%2C%22JUnitAssertAlwaysFails%22%3A%7B%7D%2C%22JUnitAssertAlwaysSucceeds%22%3A%7B%7D%2C%22JUnitAssertEqualsConstantActualValue%22%3A%7B%7D%2C%22JUnitFailWithoutMessage%22%3A%7B%7D%2C%22JUnitLostTest%22%3A%7B%7D%2C%22JUnitPublicField%22%3A%7B%7D%2C%22JUnitPublicNonTestMethod%22%3A%7B%7D%2C%22JUnitPublicProperty%22%3A%7B%7D%2C%22JUnitSetUpCallsSuper%22%3A%7B%7D%2C%22JUnitStyleAssertions%22%3A%7B%7D%2C%22JUnitTearDownCallsSuper%22%3A%7B%7D%2C%22JUnitTestMethodWithoutAssert%22%3A%7B%7D%2C%22JUnitUnnecessarySetUp%22%3A%7B%7D%2C%22JUnitUnnecessaryTearDown%22%3A%7B%7D%2C%22JUnitUnnecessaryThrowsException%22%3A%7B%7D%2C%22LineLength%22%3A%7B%7D%2C%22LocaleSetDefault%22%3A%7B%7D%2C%22LoggerForDifferentClass%22%3A%7B%7D%2C%22LoggerWithWrongModifiers%22%3A%7B%7D%2C%22LoggingSwallowsStacktrace%22%3A%7B%7D%2C%22LongLiteralWithLowerCaseL%22%3A%7B%7D%2C%22MethodCount%22%3A%7B%7D%2C%22MethodName%22%3A%7B%7D%2C%22MethodParameterTypeRequired%22%3A%7B%7D%2C%22MethodReturnTypeRequired%22%3A%7B%7D%2C%22MethodSize%22%3A%7B%7D%2C%22MisorderedStaticImports%22%3A%7B%7D%2C%22MissingBlankLineAfterImports%22%3A%7B%7D%2C%22MissingBlankLineAfterPackage%22%3A%7B%7D%2C%22MissingBlankLineBeforeAnnotatedField%22%3A%7B%7D%2C%22MissingNewInThrowStatement%22%3A%7B%7D%2C%22MissingOverrideAnnotation%22%3A%7B%7D%2C%22MultipleLoggers%22%3A%7B%7D%2C%22MultipleUnaryOperators%22%3A%7B%7D%2C%22NestedBlockDepth%22%3A%7B%7D%2C%22NestedForLoop%22%3A%7B%7D%2C%22NestedSynchronization%22%3A%7B%7D%2C%22NoDef%22%3A%7B%22priority%22%3A3%7D%2C%22NoDouble%22%3A%7B%7D%2C%22NoFloat%22%3A%7B%7D%2C%22NoJavaUtilDate%22%3A%7B%7D%2C%22NonFinalPublicField%22%3A%7B%7D%2C%22NonFinalSubclassOfSensitiveInterface%22%3A%7B%7D%2C%22NoTabCharacter%22%3A%7B%7D%2C%22NoWildcardImports%22%3A%7B%7D%2C%22ObjectFinalize%22%3A%7B%7D%2C%22ObjectOverrideMisspelledMethodName%22%3A%7B%7D%2C%22OptionalCollectionReturnType%22%3A%7B%7D%2C%22OptionalField%22%3A%7B%7D%2C%22OptionalMethodParameter%22%3A%7B%7D%2C%22PackageName%22%3A%7B%7D%2C%22PackageNameMatchesFilePath%22%3A%7B%7D%2C%22ParameterAssignmentInFilterClosure%22%3A%7B%7D%2C%22ParameterCount%22%3A%7B%7D%2C%22ParameterName%22%3A%7B%7D%2C%22ParameterReassignment%22%3A%7B%7D%2C%22PrintStackTrace%22%3A%7B%7D%2C%22PrivateFieldCouldBeFinal%22%3A%7B%7D%2C%22PropertyName%22%3A%7B%7D%2C%22PublicFinalizeMethod%22%3A%7B%7D%2C%22PublicInstanceField%22%3A%7B%7D%2C%22PublicMethodsBeforeNonPublicMethods%22%3A%7B%7D%2C%22RandomDoubleCoercedToZero%22%3A%7B%7D%2C%22RemoveAllOnSelf%22%3A%7B%7D%2C%22RequiredRegex%22%3A%7B%7D%2C%22RequiredString%22%3A%7B%7D%2C%22ReturnFromFinallyBlock%22%3A%7B%7D%2C%22ReturnNullFromCatchBlock%22%3A%7B%7D%2C%22ReturnsNullInsteadOfEmptyArray%22%3A%7B%7D%2C%22ReturnsNullInsteadOfEmptyCollection%22%3A%7B%7D%2C%22SerializableClassMustDefineSerialVersionUID%22%3A%7B%7D%2C%22SerialPersistentFields%22%3A%7B%7D%2C%22SerialVersionUID%22%3A%7B%7D%2C%22SimpleDateFormatMissingLocale%22%3A%7B%7D%2C%22SpaceAfterCatch%22%3A%7B%7D%2C%22SpaceAfterClosingBrace%22%3A%7B%7D%2C%22SpaceAfterComma%22%3A%7B%7D%2C%22SpaceAfterFor%22%3A%7B%7D%2C%22SpaceAfterIf%22%3A%7B%7D%2C%22SpaceAfterMethodCallName%22%3A%7B%7D%2C%22SpaceAfterMethodDeclarationName%22%3A%7B%7D%2C%22SpaceAfterNotOperator%22%3A%7B%7D%2C%22SpaceAfterOpeningBrace%22%3A%7B%7D%2C%22SpaceAfterSemicolon%22%3A%7B%7D%2C%22SpaceAfterSwitch%22%3A%7B%7D%2C%22SpaceAfterWhile%22%3A%7B%7D%2C%22SpaceAroundClosureArrow%22%3A%7B%7D%2C%22SpaceAroundOperator%22%3A%7B%7D%2C%22SpaceBeforeClosingBrace%22%3A%7B%7D%2C%22SpaceBeforeOpeningBrace%22%3A%7B%7D%2C%22SpaceInsideParentheses%22%3A%7B%7D%2C%22SpockIgnoreRestUsed%22%3A%7B%7D%2C%22StatelessClass%22%3A%7B%7D%2C%22StatelessSingleton%22%3A%7B%7D%2C%22StaticCalendarField%22%3A%7B%7D%2C%22StaticConnection%22%3A%7B%7D%2C%22StaticDateFormatField%22%3A%7B%7D%2C%22StaticFieldsBeforeInstanceFields%22%3A%7B%7D%2C%22StaticMatcherField%22%3A%7B%7D%2C%22StaticMethodsBeforeInstanceMethods%22%3A%7B%7D%2C%22StaticSimpleDateFormatField%22%3A%7B%7D%2C%22SwallowThreadDeath%22%3A%7B%7D%2C%22SynchronizedMethod%22%3A%7B%7D%2C%22SynchronizedOnBoxedPrimitive%22%3A%7B%7D%2C%22SynchronizedOnGetClass%22%3A%7B%7D%2C%22SynchronizedOnReentrantLock%22%3A%7B%7D%2C%22SynchronizedOnString%22%3A%7B%7D%2C%22SynchronizedOnThis%22%3A%7B%7D%2C%22SynchronizedReadObjectMethod%22%3A%7B%7D%2C%22SystemErrPrint%22%3A%7B%7D%2C%22SystemExit%22%3A%7B%7D%2C%22SystemOutPrint%22%3A%7B%7D%2C%22SystemRunFinalizersOnExit%22%3A%7B%7D%2C%22TernaryCouldBeElvis%22%3A%7B%7D%2C%22ThisReferenceEscapesConstructor%22%3A%7B%7D%2C%22ThreadGroup%22%3A%7B%7D%2C%22ThreadLocalNotStaticFinal%22%3A%7B%7D%2C%22ThreadYield%22%3A%7B%7D%2C%22ThrowError%22%3A%7B%7D%2C%22ThrowException%22%3A%7B%22priority%22%3A3%7D%2C%22ThrowExceptionFromFinallyBlock%22%3A%7B%7D%2C%22ThrowNullPointerException%22%3A%7B%22priority%22%3A3%7D%2C%22ThrowRuntimeException%22%3A%7B%22priority%22%3A3%7D%2C%22ThrowThrowable%22%3A%7B%22priority%22%3A3%7D%2C%22ToStringReturnsNull%22%3A%7B%7D%2C%22TrailingWhitespace%22%3A%7B%7D%2C%22UnnecessaryBigDecimalInstantiation%22%3A%7B%7D%2C%22UnnecessaryBigIntegerInstantiation%22%3A%7B%7D%2C%22UnnecessaryBooleanExpression%22%3A%7B%7D%2C%22UnnecessaryBooleanInstantiation%22%3A%7B%7D%2C%22UnnecessaryCallForLastElement%22%3A%7B%7D%2C%22UnnecessaryCallToSubstring%22%3A%7B%7D%2C%22UnnecessaryCast%22%3A%7B%7D%2C%22UnnecessaryCatchBlock%22%3A%7B%7D%2C%22UnnecessaryCollectCall%22%3A%7B%7D%2C%22UnnecessaryCollectionCall%22%3A%7B%7D%2C%22UnnecessaryConstructor%22%3A%7B%7D%2C%22UnnecessaryDefInFieldDeclaration%22%3A%7B%7D%2C%22UnnecessaryDefInMethodDeclaration%22%3A%7B%7D%2C%22UnnecessaryDefInVariableDeclaration%22%3A%7B%7D%2C%22UnnecessaryDotClass%22%3A%7B%7D%2C%22UnnecessaryDoubleInstantiation%22%3A%7B%7D%2C%22UnnecessaryElseStatement%22%3A%7B%7D%2C%22UnnecessaryFail%22%3A%7B%7D%2C%22UnnecessaryFinalOnPrivateMethod%22%3A%7B%7D%2C%22UnnecessaryFloatInstantiation%22%3A%7B%7D%2C%22UnnecessaryGetter%22%3A%7B%7D%2C%22UnnecessaryGroovyImport%22%3A%7B%7D%2C%22UnnecessaryGString%22%3A%7B%7D%2C%22UnnecessaryIfStatement%22%3A%7B%7D%2C%22UnnecessaryInstanceOfCheck%22%3A%7B%7D%2C%22UnnecessaryInstantiationToGetClass%22%3A%7B%7D%2C%22UnnecessaryIntegerInstantiation%22%3A%7B%7D%2C%22UnnecessaryLongInstantiation%22%3A%7B%7D%2C%22UnnecessaryModOne%22%3A%7B%7D%2C%22UnnecessaryNullCheck%22%3A%7B%7D%2C%22UnnecessaryNullCheckBeforeInstanceOf%22%3A%7B%7D%2C%22UnnecessaryObjectReferences%22%3A%7B%7D%2C%22UnnecessaryOverridingMethod%22%3A%7B%7D%2C%22UnnecessaryPackageReference%22%3A%7B%7D%2C%22UnnecessaryParenthesesForMethodCallWithClosure%22%3A%7B%7D%2C%22UnnecessaryPublicModifier%22%3A%7B%7D%2C%22UnnecessarySafeNavigationOperator%22%3A%7B%7D%2C%22UnnecessarySelfAssignment%22%3A%7B%7D%2C%22UnnecessarySemicolon%22%3A%7B%7D%2C%22UnnecessarySetter%22%3A%7B%7D%2C%22UnnecessaryStringInstantiation%22%3A%7B%7D%2C%22UnnecessaryTernaryExpression%22%3A%7B%7D%2C%22UnnecessaryToString%22%3A%7B%7D%2C%22UnnecessaryTransientModifier%22%3A%7B%7D%2C%22UnsafeArrayDeclaration%22%3A%7B%7D%2C%22UnsafeImplementationAsMap%22%3A%7B%7D%2C%22UnusedArray%22%3A%7B%22priority%22%3A1%7D%2C%22UnusedImport%22%3A%7B%7D%2C%22UnusedMethodParameter%22%3A%7B%7D%2C%22UnusedObject%22%3A%7B%22priority%22%3A1%7D%2C%22UnusedPrivateField%22%3A%7B%22priority%22%3A1%7D%2C%22UnusedPrivateMethod%22%3A%7B%22priority%22%3A1%7D%2C%22UnusedPrivateMethodParameter%22%3A%7B%22priority%22%3A1%7D%2C%22UnusedVariable%22%3A%7B%22priority%22%3A1%7D%2C%22UseAssertEqualsInsteadOfAssertTrue%22%3A%7B%7D%2C%22UseAssertFalseInsteadOfNegation%22%3A%7B%7D%2C%22UseAssertNullInsteadOfAssertEquals%22%3A%7B%7D%2C%22UseAssertSameInsteadOfAssertTrue%22%3A%7B%7D%2C%22UseAssertTrueInsteadOfAssertEquals%22%3A%7B%7D%2C%22UseAssertTrueInsteadOfNegation%22%3A%7B%7D%2C%22UseCollectMany%22%3A%7B%7D%2C%22UseCollectNested%22%3A%7B%7D%2C%22UseOfNotifyMethod%22%3A%7B%7D%2C%22VariableName%22%3A%7B%7D%2C%22VariableTypeRequired%22%3A%7B%22priority%22%3A3%7D%2C%22VectorIsObsolete%22%3A%7B%7D%2C%22VolatileArrayField%22%3A%7B%7D%2C%22VolatileLongOrDoubleField%22%3A%7B%7D%2C%22WaitOutsideOfWhileLoop%22%3A%7B%7D%2C%22WhileStatementBraces%22%3A%7B%7D%7D -includes=**/Jenkinsfile -report=json:stdout

Host: Intel(R) Xeon(R) CPU E5-2676 v3 @ 2.40GHz, 1 cores, 1023M,  Windows Server 2022 , 64 bit Build 20348 (10.0.20348.2110)
Time: Thu Mar 14 12:58:48 2024 Coordinated Universal Time elapsed time: 208.272959 seconds (0d 0h 3m 28s)

---------------  T H R E A D  ---------------

Current thread (0x000002be2dde1ad0):  JavaThread "C1 CompilerThread0" daemon [_thread_in_native, id=740, stack(0x000000e985000000,0x000000e985100000)]


Current CompileTask:
C1: 208273 3453       3       java.net.URLStreamHandler::parseURL (1201 bytes)

Stack: [0x000000e985000000,0x000000e985100000]
Native frames: (J=compiled Java code, j=interpreted, Vv=VM code, C=native code)
V  [jvm.dll+0x67d2c9]
V  [jvm.dll+0x834afa]
V  [jvm.dll+0x8365be]
V  [jvm.dll+0x836c23]
V  [jvm.dll+0x2477ff]
V  [jvm.dll+0xac711]
V  [jvm.dll+0xacb5c]
V  [jvm.dll+0x13d261]
V  [jvm.dll+0x13bcda]
V  [jvm.dll+0x1441b0]
V  [jvm.dll+0x141e7a]
V  [jvm.dll+0x1400bc]
V  [jvm.dll+0x148bbd]
V  [jvm.dll+0x1480e5]
V  [jvm.dll+0x13f918]
V  [jvm.dll+0x141ed5]
V  [jvm.dll+0x1400bc]
V  [jvm.dll+0x148bbd]
V  [jvm.dll+0x1480e5]
V  [jvm.dll+0x13f918]
V  [jvm.dll+0x141ed5]
V  [jvm.dll+0x1400bc]
V  [jvm.dll+0x148bbd]
V  [jvm.dll+0x1480e5]
V  [jvm.dll+0x13f918]
V  [jvm.dll+0x141ed5]
V  [jvm.dll+0x1401b4]
V  [jvm.dll+0x148bbd]
V  [jvm.dll+0x1480e5]
V  [jvm.dll+0x13f918]
V  [jvm.dll+0x141ed5]
V  [jvm.dll+0x1401b4]
V  [jvm.dll+0x13a0ff]
V  [jvm.dll+0x149d46]
V  [jvm.dll+0x135890]
V  [jvm.dll+0x135bf0]
V  [jvm.dll+0x135eb6]
V  [jvm.dll+0x13534a]
V  [jvm.dll+0x137001]
V  [jvm.dll+0x2290de]
V  [jvm.dll+0x2272ac]
V  [jvm.dll+0x7e9bb7]
V  [jvm.dll+0x7e3fba]
V  [jvm.dll+0x67c1b5]
C  [ucrtbase.dll+0x26b4c]
C  [KERNEL32.DLL+0x14de0]
C  [ntdll.dll+0x7edab]


---------------  P R O C E S S  ---------------

Threads class SMR info:
_java_thread_list=0x000002be2de7b5b0, length=12, elements={
0x000002be2df2c200, 0x000002be2dfa4c40, 0x000002be2dfa5ac0, 0x000002be2dfb7930,
0x000002be2dfba910, 0x000002be2dfbb790, 0x000002be2dfbe420, 0x000002be2dfc01d0,
0x000002be2dde1ad0, 0x000002be2ddfcc50, 0x000002be2dea05a0, 0x000002be2dea0c30
}

Java Threads: ( => current thread )
  0x000002be2df2c200 JavaThread "main" [_thread_in_vm, id=4404, stack(0x000000e984700000,0x000000e984800000)]
  0x000002be2dfa4c40 JavaThread "Reference Handler" daemon [_thread_blocked, id=3752, stack(0x000000e984900000,0x000000e984a00000)]
  0x000002be2dfa5ac0 JavaThread "Finalizer" daemon [_thread_blocked, id=4284, stack(0x000000e984a00000,0x000000e984b00000)]
  0x000002be2dfb7930 JavaThread "Signal Dispatcher" daemon [_thread_blocked, id=3348, stack(0x000000e984b00000,0x000000e984c00000)]
  0x000002be2dfba910 JavaThread "Attach Listener" daemon [_thread_blocked, id=3660, stack(0x000000e984c00000,0x000000e984d00000)]
  0x000002be2dfbb790 JavaThread "Service Thread" daemon [_thread_blocked, id=2420, stack(0x000000e984d00000,0x000000e984e00000)]
  0x000002be2dfbe420 JavaThread "Monitor Deflation Thread" daemon [_thread_blocked, id=5100, stack(0x000000e984e00000,0x000000e984f00000)]
  0x000002be2dfc01d0 JavaThread "C2 CompilerThread0" daemon [_thread_in_native, id=3976, stack(0x000000e984f00000,0x000000e985000000)]
=>0x000002be2dde1ad0 JavaThread "C1 CompilerThread0" daemon [_thread_in_native, id=740, stack(0x000000e985000000,0x000000e985100000)]
  0x000002be2ddfcc50 JavaThread "Sweeper thread" daemon [_thread_blocked, id=2820, stack(0x000000e985100000,0x000000e985200000)]
  0x000002be2dea05a0 JavaThread "Notification Thread" daemon [_thread_blocked, id=4136, stack(0x000000e985200000,0x000000e985300000)]
  0x000002be2dea0c30 JavaThread "Common-Cleaner" daemon [_thread_blocked, id=2560, stack(0x000000e985400000,0x000000e985500000)]

Other Threads:
  0x000002be2df9f480 VMThread "VM Thread" [stack: 0x000000e984800000,0x000000e984900000] [id=5500]
  0x000002be2de28e30 WatcherThread [stack: 0x000000e985300000,0x000000e985400000] [id=1044]

Threads with active compile tasks:
C2 CompilerThread0   208696 3465       4       groovyjarjarasm.asm.Frame::merge (322 bytes)
C1 CompilerThread0   208697 3453       3       java.net.URLStreamHandler::parseURL (1201 bytes)

VM state: not at safepoint (normal execution)

VM Mutex/Monitor currently owned by a thread: None

Heap address: 0x0000000080000000, size: 2048 MB, Compressed Oops mode: 32-bit

CDS archive(s) mapped at: [0x000002be43000000-0x000002be43a40000-0x000002be43a40000), size 10747904, SharedBaseAddress: 0x000002be43000000, ArchiveRelocationMode: 1.
Compressed class space mapped at: 0x000002be44000000-0x000002be84000000, reserved size: 1073741824
Narrow klass base: 0x000002be43000000, Narrow klass shift: 0, Narrow klass range: 0x100000000

GC Precious Log:
 CPUs: 1 total, 1 available
 Memory: 1023M
 Large Page Support: Disabled
 NUMA Support: Disabled
 Compressed Oops: Enabled (32-bit)
 Heap Min Capacity: 256M
 Heap Initial Capacity: 256M
 Heap Max Capacity: 2G
 Pre-touch: Disabled

Heap:
 def new generation   total 78720K, used 41450K [0x0000000080000000, 0x0000000085560000, 0x00000000aaaa0000)
  eden space 70016K,  59% used [0x0000000080000000, 0x000000008287a988, 0x0000000084460000)
  from space 8704K,   0% used [0x0000000084460000, 0x0000000084460000, 0x0000000084ce0000)
  to   space 8704K,   0% used [0x0000000084ce0000, 0x0000000084ce0000, 0x0000000085560000)
 tenured generation   total 174784K, used 14583K [0x00000000aaaa0000, 0x00000000b5550000, 0x0000000100000000)
   the space 174784K,   8% used [0x00000000aaaa0000, 0x00000000ab8dde68, 0x00000000ab8de000, 0x00000000b5550000)
 Metaspace       used 24502K, committed 24896K, reserved 1114112K
  class space    used 3054K, committed 3264K, reserved 1048576K

Card table byte_map: [0x000002be2d8b0000,0x000002be2dcc0000] _byte_map_base: 0x000002be2d4b0000

Polling page: 0x000002be2bc90000

Metaspace:

Usage:
  Non-class:     20.95 MB used.
      Class:      2.98 MB used.
       Both:     23.93 MB used.

Virtual space:
  Non-class space:       64.00 MB reserved,      21.12 MB ( 33%) committed,  1 nodes.
      Class space:        1.00 GB reserved,       3.19 MB ( <1%) committed,  1 nodes.
             Both:        1.06 GB reserved,      24.31 MB (  2%) committed. 

Chunk freelists:
   Non-Class:  10.31 MB
       Class:  12.85 MB
        Both:  23.17 MB

MaxMetaspaceSize: unlimited
CompressedClassSpaceSize: 1.00 GB
Initial GC threshold: 21.00 MB
Current GC threshold: 35.00 MB
CDS: on
MetaspaceReclaimPolicy: balanced
 - commit_granule_bytes: 65536.
 - commit_granule_words: 8192.
 - virtual_space_node_default_size: 8388608.
 - enlarge_chunks_in_place: 1.
 - new_chunks_are_fully_committed: 0.
 - uncommit_free_chunks: 1.
 - use_allocation_guard: 0.
 - handle_deallocations: 1.


Internal statistics:

num_allocs_failed_limit: 5.
num_arena_births: 310.
num_arena_deaths: 2.
num_vsnodes_births: 2.
num_vsnodes_deaths: 0.
num_space_committed: 389.
num_space_uncommitted: 0.
num_chunks_returned_to_freelist: 7.
num_chunks_taken_from_freelist: 1109.
num_chunk_merges: 5.
num_chunk_splits: 760.
num_chunks_enlarged: 544.
num_inconsistent_stats: 0.

CodeHeap 'non-profiled nmethods': size=120064Kb used=1822Kb max_used=1822Kb free=118241Kb
 bounds [0x000002be3a9b0000, 0x000002be3ac20000, 0x000002be41ef0000]
CodeHeap 'profiled nmethods': size=120000Kb used=6219Kb max_used=6219Kb free=113780Kb
 bounds [0x000002be32ef0000, 0x000002be33510000, 0x000002be3a420000]
CodeHeap 'non-nmethods': size=5696Kb used=2257Kb max_used=2300Kb free=3438Kb
 bounds [0x000002be3a420000, 0x000002be3a690000, 0x000002be3a9b0000]
 total_blobs=4158 nmethods=3397 adapters=675
 compilation: enabled
              stopped_count=0, restarted_count=0
 full_count=0

Compilation events (20 events):
Event: 195.027 Thread 0x000002be2dde1ad0 3437       3       org.codehaus.groovy.runtime.MetaClassHelper::sameClasses (54 bytes)
Event: 195.586 Thread 0x000002be2dde1ad0 nmethod 3437 0x000002be334fe590 code [0x000002be334fe780, 0x000002be334fee98]
Event: 195.586 Thread 0x000002be2dde1ad0 3443       2       java.util.Arrays::copyOf (40 bytes)
Event: 195.587 Thread 0x000002be2dde1ad0 nmethod 3443 0x000002be334ff090 code [0x000002be334ff260, 0x000002be334ff668]
Event: 195.587 Thread 0x000002be2dde1ad0 3436       3       java.beans.FeatureDescriptor::getReturnType (21 bytes)
Event: 195.588 Thread 0x000002be2dde1ad0 nmethod 3436 0x000002be334ff810 code [0x000002be334ffb20, 0x000002be33500f28]
Event: 195.588 Thread 0x000002be2dde1ad0 3440       3       groovy.lang.MetaClassImpl::checkInitalised (58 bytes)
Event: 195.588 Thread 0x000002be2dde1ad0 nmethod 3440 0x000002be33501690 code [0x000002be33501960, 0x000002be335025b8]
Event: 195.588 Thread 0x000002be2dde1ad0 3444       3       java.util.Arrays::sort (47 bytes)
Event: 195.673 Thread 0x000002be2dde1ad0 nmethod 3444 0x000002be33502a10 code [0x000002be33502be0, 0x000002be33502e28]
Event: 201.359 Thread 0x000002be2dfc01d0 nmethod 3433 0x000002be3ab65890 code [0x000002be3ab66000, 0x000002be3ab6d570]
Event: 201.359 Thread 0x000002be2dfc01d0 3447       4       java.util.LinkedList::<init> (10 bytes)
Event: 201.360 Thread 0x000002be2dfc01d0 nmethod 3447 0x000002be3ab72010 code [0x000002be3ab72180, 0x000002be3ab721f8]
Event: 201.360 Thread 0x000002be2dfc01d0 3445       4       java.lang.AbstractStringBuilder::append (55 bytes)
Event: 201.375 Thread 0x000002be2dfc01d0 nmethod 3445 0x000002be3ab72310 code [0x000002be3ab724c0, 0x000002be3ab72e58]
Event: 201.375 Thread 0x000002be2dfc01d0 3439       4       groovy.lang.MetaMethod::getMopName (105 bytes)
Event: 201.482 Thread 0x000002be2dfc01d0 nmethod 3439 0x000002be3ab73290 code [0x000002be3ab73520, 0x000002be3ab75d38]
Event: 201.483 Thread 0x000002be2dfc01d0 3435       4       java.util.StringJoiner::toString (53 bytes)
Event: 201.488 Thread 0x000002be2dfc01d0 nmethod 3435 0x000002be3ab77290 code [0x000002be3ab77420, 0x000002be3ab77508]
Event: 207.393 Thread 0x000002be2dde1ad0 3453       3       java.net.URLStreamHandler::parseURL (1201 bytes)

GC Heap History (4 events):
Event: 66.363 GC heap before
{Heap before GC invocations=0 (full 0):
 def new generation   total 78656K, used 69952K [0x0000000080000000, 0x0000000085550000, 0x00000000aaaa0000)
  eden space 69952K, 100% used [0x0000000080000000, 0x0000000084450000, 0x0000000084450000)
  from space 8704K,   0% used [0x0000000084450000, 0x0000000084450000, 0x0000000084cd0000)
  to   space 8704K,   0% used [0x0000000084cd0000, 0x0000000084cd0000, 0x0000000085550000)
 tenured generation   total 174784K, used 0K [0x00000000aaaa0000, 0x00000000b5550000, 0x0000000100000000)
   the space 174784K,   0% used [0x00000000aaaa0000, 0x00000000aaaa0000, 0x00000000aaaa0200, 0x00000000b5550000)
 Metaspace       used 15765K, committed 16064K, reserved 1114112K
  class space    used 1772K, committed 1920K, reserved 1048576K
}
Event: 68.761 GC heap after
{Heap after GC invocations=1 (full 0):
 def new generation   total 78656K, used 8703K [0x0000000080000000, 0x0000000085550000, 0x00000000aaaa0000)
  eden space 69952K,   0% used [0x0000000080000000, 0x0000000080000000, 0x0000000084450000)
  from space 8704K,  99% used [0x0000000084cd0000, 0x000000008554fff8, 0x0000000085550000)
  to   space 8704K,   0% used [0x0000000084450000, 0x0000000084450000, 0x0000000084cd0000)
 tenured generation   total 174784K, used 1198K [0x00000000aaaa0000, 0x00000000b5550000, 0x0000000100000000)
   the space 174784K,   0% used [0x00000000aaaa0000, 0x00000000aabcb878, 0x00000000aabcba00, 0x00000000b5550000)
 Metaspace       used 15765K, committed 16064K, reserved 1114112K
  class space    used 1772K, committed 1920K, reserved 1048576K
}
Event: 126.238 GC heap before
{Heap before GC invocations=1 (full 0):
 def new generation   total 78656K, used 61806K [0x0000000080000000, 0x0000000085550000, 0x00000000aaaa0000)
  eden space 69952K,  75% used [0x0000000080000000, 0x00000000833db848, 0x0000000084450000)
  from space 8704K,  99% used [0x0000000084cd0000, 0x000000008554fff8, 0x0000000085550000)
  to   space 8704K,   0% used [0x0000000084450000, 0x0000000084450000, 0x0000000084cd0000)
 tenured generation   total 174784K, used 1198K [0x00000000aaaa0000, 0x00000000b5550000, 0x0000000100000000)
   the space 174784K,   0% used [0x00000000aaaa0000, 0x00000000aabcb878, 0x00000000aabcba00, 0x00000000b5550000)
 Metaspace       used 21171K, committed 21504K, reserved 1114112K
  class space    used 2611K, committed 2752K, reserved 1048576K
}
Event: 129.752 GC heap after
{Heap after GC invocations=2 (full 1):
 def new generation   total 78720K, used 0K [0x0000000080000000, 0x0000000085560000, 0x00000000aaaa0000)
  eden space 70016K,   0% used [0x0000000080000000, 0x0000000080000000, 0x0000000084460000)
  from space 8704K,   0% used [0x0000000084460000, 0x0000000084460000, 0x0000000084ce0000)
  to   space 8704K,   0% used [0x0000000084ce0000, 0x0000000084ce0000, 0x0000000085560000)
 tenured generation   total 174784K, used 14583K [0x00000000aaaa0000, 0x00000000b5550000, 0x0000000100000000)
   the space 174784K,   8% used [0x00000000aaaa0000, 0x00000000ab8dde68, 0x00000000ab8de000, 0x00000000b5550000)
 Metaspace       used 21170K, committed 21504K, reserved 1114112K
  class space    used 2610K, committed 2752K, reserved 1048576K
}

Dll operation events (7 events):
Event: 0.221 Loaded shared library C:\Users\Administrator\.java-caller\jre\jdk-17.0.10+7-jre\bin\java.dll
Event: 0.337 Loaded shared library C:\Users\Administrator\.java-caller\jre\jdk-17.0.10+7-jre\bin\jsvml.dll
Event: 15.223 Loaded shared library C:\Users\Administrator\.java-caller\jre\jdk-17.0.10+7-jre\bin\net.dll
Event: 24.072 Loaded shared library C:\Users\Administrator\.java-caller\jre\jdk-17.0.10+7-jre\bin\nio.dll
Event: 30.157 Loaded shared library C:\Users\Administrator\.java-caller\jre\jdk-17.0.10+7-jre\bin\zip.dll
Event: 30.842 Loaded shared library C:\Users\Administrator\.java-caller\jre\jdk-17.0.10+7-jre\bin\jimage.dll
Event: 46.118 Loaded shared library C:\Users\Administrator\.java-caller\jre\jdk-17.0.10+7-jre\bin\verify.dll

Deoptimization events (20 events):
Event: 179.480 Thread 0x000002be2df2c200 Uncommon trap: trap_request=0xffffff45 fr.pc=0x000002be3aabe1c0 relative=0x0000000000004a40
Event: 179.480 Thread 0x000002be2df2c200 Uncommon trap: reason=unstable_if action=reinterpret pc=0x000002be3aabe1c0 method=groovy.lang.MetaClassImpl$1MOPIter.methodNameAction(Ljava/lang/Class;Lorg/codehaus/groovy/runtime/metaclass/MetaMethodIndex$Entry;)V @ 277 c2
Event: 179.480 Thread 0x000002be2df2c200 DEOPT PACKING pc=0x000002be3aabe1c0 sp=0x000000e9847fbe10
Event: 179.481 Thread 0x000002be2df2c200 DEOPT UNPACKING pc=0x000002be3a4766a3 sp=0x000000e9847fbdf8 mode 2
Event: 193.185 Thread 0x000002be2df2c200 Uncommon trap: trap_request=0xffffffde fr.pc=0x000002be3aa8c268 relative=0x0000000000000068
Event: 193.185 Thread 0x000002be2df2c200 Uncommon trap: reason=class_check action=maybe_recompile pc=0x000002be3aa8c268 method=java.util.LinkedHashMap.afterNodeInsertion(Z)V @ 15 c2
Event: 193.185 Thread 0x000002be2df2c200 DEOPT PACKING pc=0x000002be3aa8c268 sp=0x000000e9847fc010
Event: 193.185 Thread 0x000002be2df2c200 DEOPT UNPACKING pc=0x000002be3a4766a3 sp=0x000000e9847fbf88 mode 2
Event: 193.829 Thread 0x000002be2df2c200 Uncommon trap: trap_request=0xffffffc6 fr.pc=0x000002be3ab4c564 relative=0x0000000000000224
Event: 193.829 Thread 0x000002be2df2c200 Uncommon trap: reason=bimorphic_or_optimized_type_check action=maybe_recompile pc=0x000002be3ab4c564 method=java.util.regex.Pattern$BmpCharProperty.match(Ljava/util/regex/Matcher;ILjava/lang/CharSequence;)Z @ 19 c2
Event: 193.829 Thread 0x000002be2df2c200 DEOPT PACKING pc=0x000002be3ab4c564 sp=0x000000e9847fb630
Event: 193.829 Thread 0x000002be2df2c200 DEOPT UNPACKING pc=0x000002be3a4766a3 sp=0x000000e9847fb5f8 mode 2
Event: 193.829 Thread 0x000002be2df2c200 Uncommon trap: trap_request=0xffffffc6 fr.pc=0x000002be3ab4d36c relative=0x000000000000050c
Event: 193.829 Thread 0x000002be2df2c200 Uncommon trap: reason=bimorphic_or_optimized_type_check action=maybe_recompile pc=0x000002be3ab4d36c method=java.util.regex.Pattern$GroupTail.match(Ljava/util/regex/Matcher;ILjava/lang/CharSequence;)Z @ 70 c2
Event: 193.829 Thread 0x000002be2df2c200 DEOPT PACKING pc=0x000002be3ab4d36c sp=0x000000e9847fb300
Event: 193.829 Thread 0x000002be2df2c200 DEOPT UNPACKING pc=0x000002be3a4766a3 sp=0x000000e9847fb2a0 mode 2
Event: 194.965 Thread 0x000002be2df2c200 Uncommon trap: trap_request=0xffffffcc fr.pc=0x000002be3ab63648 relative=0x0000000000000328
Event: 194.965 Thread 0x000002be2df2c200 Uncommon trap: reason=intrinsic_or_type_checked_inlining action=make_not_entrant pc=0x000002be3ab63648 method=java.util.Arrays.copyOf([Ljava/lang/Object;ILjava/lang/Class;)[Ljava/lang/Object; @ 35 c2
Event: 194.965 Thread 0x000002be2df2c200 DEOPT PACKING pc=0x000002be3ab63648 sp=0x000000e9847faf40
Event: 194.965 Thread 0x000002be2df2c200 DEOPT UNPACKING pc=0x000002be3a4766a3 sp=0x000000e9847faed0 mode 2

Classes unloaded (1 events):
Event: 128.319 Thread 0x000002be2df9f480 Unloading class 0x000002be4419c000 'SC'

Classes redefined (0 events):
No events

Internal exceptions (20 events):
Event: 195.082 Thread 0x000002be2df2c200 Exception <a 'java/lang/ClassNotFoundException'{0x00000000821f5b58}: org/codenarc/rule/basic/BigDecimalInstantiationRuleCustomizer> (0x00000000821f5b58) 
thrown [s\src\hotspot\share\classfile\systemDictionary.cpp, line 256]
Event: 195.105 Thread 0x000002be2df2c200 Exception <a 'java/lang/ClassNotFoundException'{0x000000008222f4e0}: org/codenarc/rule/basic/BitwiseOperatorInConditionalRuleBeanInfo> (0x000000008222f4e0) 
thrown [s\src\hotspot\share\classfile\systemDictionary.cpp, line 256]
Event: 195.110 Thread 0x000002be2df2c200 Exception <a 'java/lang/ClassNotFoundException'{0x0000000082232400}: org/codenarc/rule/basic/BitwiseOperatorInConditionalRuleCustomizer> (0x0000000082232400) 
thrown [s\src\hotspot\share\classfile\systemDictionary.cpp, line 256]
Event: 195.161 Thread 0x000002be2df2c200 Exception <a 'java/lang/ClassNotFoundException'{0x00000000822684b0}: org/codenarc/rule/formatting/BlankLineBeforePackageRuleBeanInfo> (0x00000000822684b0) 
thrown [s\src\hotspot\share\classfile\systemDictionary.cpp, line 256]
Event: 195.162 Thread 0x000002be2df2c200 Exception <a 'java/lang/ClassNotFoundException'{0x000000008226b4a0}: org/codenarc/rule/formatting/BlankLineBeforePackageRuleCustomizer> (0x000000008226b4a0) 
thrown [s\src\hotspot\share\classfile\systemDictionary.cpp, line 256]
Event: 195.185 Thread 0x000002be2df2c200 Exception <a 'java/lang/ClassNotFoundException'{0x000000008229b068}: org/codenarc/rule/formatting/BlockEndsWithBlankLineRuleBeanInfo> (0x000000008229b068) 
thrown [s\src\hotspot\share\classfile\systemDictionary.cpp, line 256]
Event: 195.185 Thread 0x000002be2df2c200 Exception <a 'java/lang/ClassNotFoundException'{0x000000008229e058}: org/codenarc/rule/formatting/BlockEndsWithBlankLineRuleCustomizer> (0x000000008229e058) 
thrown [s\src\hotspot\share\classfile\systemDictionary.cpp, line 256]
Event: 195.221 Thread 0x000002be2df2c200 Exception <a 'java/lang/ClassNotFoundException'{0x00000000822d8c70}: org/codenarc/rule/formatting/BlockStartsWithBlankLineRuleBeanInfo> (0x00000000822d8c70) 
thrown [s\src\hotspot\share\classfile\systemDictionary.cpp, line 256]
Event: 195.221 Thread 0x000002be2df2c200 Exception <a 'java/lang/ClassNotFoundException'{0x00000000822dbc70}: org/codenarc/rule/formatting/BlockStartsWithBlankLineRuleCustomizer> (0x00000000822dbc70) 
thrown [s\src\hotspot\share\classfile\systemDictionary.cpp, line 256]
Event: 195.334 Thread 0x000002be2df2c200 Exception <a 'java/lang/ClassNotFoundException'{0x0000000082314aa8}: org/codenarc/rule/basic/BooleanGetBooleanRuleBeanInfo> (0x0000000082314aa8) 
thrown [s\src\hotspot\share\classfile\systemDictionary.cpp, line 256]
Event: 195.334 Thread 0x000002be2df2c200 Exception <a 'java/lang/ClassNotFoundException'{0x00000000823178e0}: org/codenarc/rule/basic/BooleanGetBooleanRuleCustomizer> (0x00000000823178e0) 
thrown [s\src\hotspot\share\classfile\systemDictionary.cpp, line 256]
Event: 195.370 Thread 0x000002be2df2c200 Exception <a 'java/lang/ClassNotFoundException'{0x0000000082362b98}: org/codenarc/rule/design/BooleanMethodReturnsNullRuleBeanInfo> (0x0000000082362b98) 
thrown [s\src\hotspot\share\classfile\systemDictionary.cpp, line 256]
Event: 195.370 Thread 0x000002be2df2c200 Exception <a 'java/lang/ClassNotFoundException'{0x0000000082365a78}: org/codenarc/rule/design/BooleanMethodReturnsNullRuleCustomizer> (0x0000000082365a78) 
thrown [s\src\hotspot\share\classfile\systemDictionary.cpp, line 256]
Event: 195.400 Thread 0x000002be2df2c200 Exception <a 'java/lang/ClassNotFoundException'{0x00000000823a7c38}: org/codenarc/rule/formatting/BracesForClassRuleBeanInfo> (0x00000000823a7c38) 
thrown [s\src\hotspot\share\classfile\systemDictionary.cpp, line 256]
Event: 195.400 Thread 0x000002be2df2c200 Exception <a 'java/lang/ClassNotFoundException'{0x00000000823aab80}: org/codenarc/rule/formatting/BracesForClassRuleCustomizer> (0x00000000823aab80) 
thrown [s\src\hotspot\share\classfile\systemDictionary.cpp, line 256]
Event: 195.414 Thread 0x000002be2df2c200 Exception <a 'java/lang/ClassNotFoundException'{0x00000000823db018}: org/codenarc/util/PropertyUtilBeanInfo> (0x00000000823db018) 
thrown [s\src\hotspot\share\classfile\systemDictionary.cpp, line 256]
Event: 195.415 Thread 0x000002be2df2c200 Exception <a 'java/lang/ClassNotFoundException'{0x00000000823de500}: org/codenarc/util/PropertyUtilCustomizer> (0x00000000823de500) 
thrown [s\src\hotspot\share\classfile\systemDictionary.cpp, line 256]
Event: 207.161 Thread 0x000002be2df2c200 Exception <a 'java/lang/ClassNotFoundException'{0x00000000825b6af0}: org/codehaus/groovy/runtime/HandleMetaClassBeanInfo> (0x00000000825b6af0) 
thrown [s\src\hotspot\share\classfile\systemDictionary.cpp, line 256]
Event: 207.193 Thread 0x000002be2df2c200 Exception <a 'java/lang/ClassNotFoundException'{0x00000000825c6738}: groovy/lang/DelegatingMetaClassBeanInfo> (0x00000000825c6738) 
thrown [s\src\hotspot\share\classfile\systemDictionary.cpp, line 256]
Event: 207.224 Thread 0x000002be2df2c200 Exception <a 'java/lang/ClassNotFoundException'{0x00000000825d60e0}: groovy/lang/DelegatingMetaClassCustomizer> (0x00000000825d60e0) 
thrown [s\src\hotspot\share\classfile\systemDictionary.cpp, line 256]

VM Operations (20 events):
Event: 145.563 Executing VM operation: HandshakeAllThreads
Event: 145.563 Executing VM operation: HandshakeAllThreads done
Event: 146.564 Executing VM operation: Cleanup
Event: 159.516 Executing VM operation: Cleanup done
Event: 160.521 Executing VM operation: Cleanup
Event: 160.522 Executing VM operation: Cleanup done
Event: 160.774 Executing VM operation: HandshakeAllThreads
Event: 160.774 Executing VM operation: HandshakeAllThreads done
Event: 161.774 Executing VM operation: Cleanup
Event: 178.512 Executing VM operation: Cleanup done
Event: 179.523 Executing VM operation: Cleanup
Event: 179.524 Executing VM operation: Cleanup done
Event: 180.525 Executing VM operation: Cleanup
Event: 185.788 Executing VM operation: Cleanup done
Event: 192.895 Executing VM operation: Cleanup
Event: 192.901 Executing VM operation: Cleanup done
Event: 193.947 Executing VM operation: Cleanup
Event: 193.955 Executing VM operation: Cleanup done
Event: 195.765 Executing VM operation: Cleanup
Event: 207.012 Executing VM operation: Cleanup done

Events (20 events):
Event: 193.348 loading class java/io/ReaderBeanInfo
Event: 193.348 loading class java/io/ReaderBeanInfo done
Event: 193.348 loading class java/io/ReaderBeanInfo
Event: 193.348 loading class java/io/ReaderBeanInfo done
Event: 193.348 loading class java/io/ReaderCustomizer
Event: 193.348 loading class java/io/ReaderCustomizer done
Event: 193.348 loading class java/io/ReaderCustomizer
Event: 193.348 loading class java/io/ReaderCustomizer done
Event: 193.351 loading class java/io/StringReaderCustomizer
Event: 193.351 loading class java/io/StringReaderCustomizer done
Event: 193.351 loading class java/io/StringReaderCustomizer
Event: 193.351 loading class java/io/StringReaderCustomizer done
Event: 193.452 loading class java/nio/file/WatchService
Event: 193.455 loading class java/nio/file/WatchService done
Event: 193.455 loading class java/nio/file/WatchEvent$Kind
Event: 193.455 loading class java/nio/file/WatchEvent$Kind done
Event: 193.455 loading class java/nio/file/WatchEvent$Modifier
Event: 193.455 loading class java/nio/file/WatchEvent$Modifier done
Event: 193.455 loading class java/nio/file/WatchKey
Event: 193.455 loading class java/nio/file/WatchKey done


Dynamic libraries:
0x00007ff631b70000 - 0x00007ff631b7e000 	C:\Users\Administrator\.java-caller\jre\jdk-17.0.10+7-jre\bin\java.exe
0x00007fff5ca00000 - 0x00007fff5cc02000 	C:\Windows\SYSTEM32\ntdll.dll
0x00007fff5b310000 - 0x00007fff5b3ce000 	C:\Windows\System32\KERNEL32.DLL
0x00007fff5a340000 - 0x00007fff5a6af000 	C:\Windows\System32\KERNELBASE.dll
0x00007fff5a6e0000 - 0x00007fff5a7f0000 	C:\Windows\System32\ucrtbase.dll
0x00007fff4cd80000 - 0x00007fff4cd97000 	C:\Users\Administrator\.java-caller\jre\jdk-17.0.10+7-jre\bin\jli.dll
0x00007fff5b820000 - 0x00007fff5b9c5000 	C:\Windows\System32\USER32.dll
0x00007fff5a6b0000 - 0x00007fff5a6d6000 	C:\Windows\System32\win32u.dll
0x00007fff5ad50000 - 0x00007fff5ad7b000 	C:\Windows\System32\GDI32.dll
0x00007fff5a100000 - 0x00007fff5a21b000 	C:\Windows\System32\gdi32full.dll
0x00007fff5a2a0000 - 0x00007fff5a340000 	C:\Windows\System32\msvcp_win.dll
0x00007fff4b080000 - 0x00007fff4b09b000 	C:\Users\Administrator\.java-caller\jre\jdk-17.0.10+7-jre\bin\VCRUNTIME140.dll
0x00007fff461a0000 - 0x00007fff46444000 	C:\Windows\WinSxS\amd64_microsoft.windows.common-controls_6595b64144ccf1df_6.0.20348.2110_none_947450d7eef395fd\COMCTL32.dll
0x00007fff5aa60000 - 0x00007fff5ab03000 	C:\Windows\System32\msvcrt.dll
0x00007fff5c130000 - 0x00007fff5c161000 	C:\Windows\System32\IMM32.DLL
0x00007fff4d1e0000 - 0x00007fff4d1ec000 	C:\Users\Administrator\.java-caller\jre\jdk-17.0.10+7-jre\bin\vcruntime140_1.dll
0x00007fff4aff0000 - 0x00007fff4b07d000 	C:\Users\Administrator\.java-caller\jre\jdk-17.0.10+7-jre\bin\msvcp140.dll
0x00007fff2e650000 - 0x00007fff2f2b2000 	C:\Users\Administrator\.java-caller\jre\jdk-17.0.10+7-jre\bin\server\jvm.dll
0x00007fff5ab10000 - 0x00007fff5abc2000 	C:\Windows\System32\ADVAPI32.dll
0x00007fff5c230000 - 0x00007fff5c2d2000 	C:\Windows\System32\sechost.dll
0x00007fff5a0d0000 - 0x00007fff5a0f7000 	C:\Windows\System32\bcrypt.dll
0x00007fff5ae50000 - 0x00007fff5af6f000 	C:\Windows\System32\RPCRT4.dll
0x00007fff59e50000 - 0x00007fff59e9d000 	C:\Windows\SYSTEM32\POWRPROF.dll
0x00007fff4bc20000 - 0x00007fff4bc29000 	C:\Windows\SYSTEM32\WSOCK32.dll
0x00007fff5b170000 - 0x00007fff5b1e1000 	C:\Windows\System32\WS2_32.dll
0x00007fff4e230000 - 0x00007fff4e23a000 	C:\Windows\SYSTEM32\VERSION.dll
0x00007fff4ec50000 - 0x00007fff4ec77000 	C:\Windows\SYSTEM32\WINMM.dll
0x00007fff59e20000 - 0x00007fff59e33000 	C:\Windows\SYSTEM32\UMPDC.dll
0x00007fff58910000 - 0x00007fff58927000 	C:\Windows\SYSTEM32\kernel.appcore.dll
0x00007fff4afe0000 - 0x00007fff4afea000 	C:\Users\Administrator\.java-caller\jre\jdk-17.0.10+7-jre\bin\jimage.dll
0x00007fff48500000 - 0x00007fff48712000 	C:\Windows\SYSTEM32\DBGHELP.DLL
0x00007fff48950000 - 0x00007fff48980000 	C:\Windows\SYSTEM32\dbgcore.DLL
0x00007fff5a220000 - 0x00007fff5a29f000 	C:\Windows\System32\bcryptPrimitives.dll
0x00007fff4ad50000 - 0x00007fff4ad75000 	C:\Users\Administrator\.java-caller\jre\jdk-17.0.10+7-jre\bin\java.dll
0x00007fff4ac70000 - 0x00007fff4ad47000 	C:\Users\Administrator\.java-caller\jre\jdk-17.0.10+7-jre\bin\jsvml.dll
0x00007fff5b9d0000 - 0x00007fff5c12a000 	C:\Windows\System32\SHELL32.dll
0x00007fff4d9e0000 - 0x00007fff4e223000 	C:\Windows\SYSTEM32\windows.storage.dll
0x00007fff5b3d0000 - 0x00007fff5b740000 	C:\Windows\System32\combase.dll
0x00007fff5b080000 - 0x00007fff5b16a000 	C:\Windows\System32\SHCORE.dll
0x00007fff5c170000 - 0x00007fff5c1cf000 	C:\Windows\System32\shlwapi.dll
0x00007fff59ea0000 - 0x00007fff59ec5000 	C:\Windows\SYSTEM32\profapi.dll
0x00007fff4ac50000 - 0x00007fff4ac69000 	C:\Users\Administrator\.java-caller\jre\jdk-17.0.10+7-jre\bin\net.dll
0x00007fff50080000 - 0x00007fff5018b000 	C:\Windows\SYSTEM32\WINHTTP.dll
0x00007fff59480000 - 0x00007fff594e8000 	C:\Windows\system32\mswsock.dll
0x00007fff4ac30000 - 0x00007fff4ac46000 	C:\Users\Administrator\.java-caller\jre\jdk-17.0.10+7-jre\bin\nio.dll
0x00007fff4abf0000 - 0x00007fff4ac08000 	C:\Users\Administrator\.java-caller\jre\jdk-17.0.10+7-jre\bin\zip.dll
0x00007fff4afd0000 - 0x00007fff4afe0000 	C:\Users\Administrator\.java-caller\jre\jdk-17.0.10+7-jre\bin\verify.dll

dbghelp: loaded successfully - version: 4.0.5 - missing functions: none
symbol engine: initialized successfully - sym options: 0x614 - pdb path: .;C:\Users\Administrator\.java-caller\jre\jdk-17.0.10+7-jre\bin;C:\Windows\SYSTEM32;C:\Windows\WinSxS\amd64_microsoft.windows.common-controls_6595b64144ccf1df_6.0.20348.2110_none_947450d7eef395fd;C:\Users\Administrator\.java-caller\jre\jdk-17.0.10+7-jre\bin\server

VM Arguments:
jvm_args: -Xms256m -Xmx2048m 
java_command: c:\Users\Administrator\.vscode\extensions\nicolasvuillamy.vscode-groovy-lint-3.2.3\server\node_modules\npm-groovy-lint\lib/java/CodeNarcServer.jar --file C:\Users\ADMINI~1\AppData\Local\Temp\2\npm-groovy-lint\codeNarcTmpDir_0.44427699514932106\Jenkinsfile --parse -basedir=C:\Users\ADMINI~1\AppData\Local\Temp\2\npm-groovy-lint\codeNarcTmpDir_0.44427699514932106 -ruleset=%7B%22AbstractClassName%22%3A%7B%7D%2C%22AbstractClassWithoutAbstractMethod%22%3A%7B%7D%2C%22AbstractClassWithPublicConstructor%22%3A%7B%7D%2C%22AddEmptyString%22%3A%7B%7D%2C%22AssertWithinFinallyBlock%22%3A%7B%7D%2C%22AssignCollectionSort%22%3A%7B%7D%2C%22AssignCollectionUnique%22%3A%7B%7D%2C%22AssignmentInConditional%22%3A%7B%7D%2C%22AssignmentToStaticFieldFromInstanceMethod%22%3A%7B%7D%2C%22BigDecimalInstantiation%22%3A%7B%7D%2C%22BitwiseOperatorInConditional%22%3A%7B%7D%2C%22BlankLineBeforePackage%22%3A%7B%7D%2C%22BlockEndsWithBlankLine%22%3A%7B%7D%2C%22BlockStartsWithBlankLine%22%3A%7B%7D%2C%22BooleanGetBoolean%22%3A%7B%7D%2C%22BooleanMethodReturnsNull%22%3A%7B%7D%2C%22BracesForClass%22%3A%7B%22priority%22%3A3%7D%2C%22BracesForForLoop%22%3A%7B%22priority%22%3A3%7D%2C%22BracesForIfElse%22%3A%7B%22priority%22%3A3%7D%2C%22BracesForMethod%22%3A%7B%22priority%22%3A3%7D%2C%22BracesForTryCatchFinally%22%3A%7B%22priority%22%3A3%7D%2C%22BrokenNullCheck%22%3A%7B%7D%2C%22BrokenOddnessCheck%22%3A%7B%7D%2C%22BuilderMethodWithSideEffects%22%3A%7B%7D%2C%22BusyWait%22%3A%7B%7D%2C%22CatchArrayIndexOutOfBoundsException%22%3A%7B%7D%2C%22CatchError%22%3A%7B%7D%2C%22CatchException%22%3A%7B%7D%2C%22CatchIllegalMonitorStateException%22%3A%7B%7D%2C%22CatchIndexOutOfBoundsException%22%3A%7B%7D%2C%22CatchNullPointerException%22%3A%7B%7D%2C%22CatchRuntimeException%22%3A%7B%7D%2C%22CatchThrowable%22%3A%7B%7D%2C%22ChainedTest%22%3A%7B%7D%2C%22ClassEndsWithBlankLine%22%3A%7B%7D%2C%22ClassForName%22%3A%7B%7D%2C%22ClassJavadoc%22%3A%7B%7D%2C%22ClassName%22%3A%7B%7D%2C%22ClassNameSameAsFilename%22%3A%7B%7D%2C%22C
java_class_path (initial): c:\Users\Administrator\.vscode\extensions\nicolasvuillamy.vscode-groovy-lint-3.2.3\server\node_modules\npm-groovy-lint\lib/java/CodeNarcServer.jar
Launcher Type: SUN_STANDARD

[Global flags]
     intx CICompilerCount                          = 2                                         {product} {ergonomic}
   size_t InitialHeapSize                          = 268435456                                 {product} {command line}
   size_t MaxHeapSize                              = 2147483648                                {product} {command line}
   size_t MaxNewSize                               = 715784192                                 {product} {ergonomic}
   size_t MinHeapDeltaBytes                        = 196608                                    {product} {ergonomic}
   size_t MinHeapSize                              = 268435456                                 {product} {command line}
   size_t NewSize                                  = 89456640                                  {product} {ergonomic}
    uintx NonNMethodCodeHeapSize                   = 5826188                                {pd product} {ergonomic}
    uintx NonProfiledCodeHeapSize                  = 122916026                              {pd product} {ergonomic}
   size_t OldSize                                  = 178978816                                 {product} {ergonomic}
    uintx ProfiledCodeHeapSize                     = 122916026                              {pd product} {ergonomic}
    uintx ReservedCodeCacheSize                    = 251658240                              {pd product} {ergonomic}
     bool SegmentedCodeCache                       = true                                      {product} {ergonomic}
   size_t SoftMaxHeapSize                          = 2147483648                             {manageable} {ergonomic}
     bool UseCompressedClassPointers               = true                           {product lp64_product} {ergonomic}
     bool UseCompressedOops                        = true                           {product lp64_product} {ergonomic}
     bool UseLargePagesIndividualAllocation        = false                                  {pd product} {ergonomic}
     bool UseSerialGC                              = true                                      {product} {ergonomic}

Logging:
Log output configuration:
 #0: stdout all=warning uptime,level,tags
 #1: stderr all=off uptime,level,tags

Environment Variables:
JAVA_HOME=C:\Users\Administrator\.java-caller\jre\jdk-17.0.10+7-jre
PATH=C:\Users\Administrator\.java-caller\jre\jdk-17.0.10+7-jre\bin;C:\Windows\system32;C:\Windows;C:\Windows\System32\Wbem;C:\Windows\System32\WindowsPowerShell\v1.0\;C:\Windows\System32\OpenSSH\;C:\Program Files\Amazon\cfn-bootstrap\;C:\Program Files\Git\cmd;C:\Users\Administrator\Desktop\Terraform;C:\Program Files\Amazon\AWSCLIV2\;C:\Program Files\PuTTY\;C:\Users\Administrator\AppData\Local\Microsoft\WindowsApps;C:\Users\Administrator\AppData\Local\Programs\Microsoft VS Code\bin
USERNAME=Administrator
OS=Windows_NT
PROCESSOR_IDENTIFIER=Intel64 Family 6 Model 63 Stepping 2, GenuineIntel
TMP=C:\Users\ADMINI~1\AppData\Local\Temp\2
TEMP=C:\Users\ADMINI~1\AppData\Local\Temp\2



Periodic native trim disabled


---------------  S Y S T E M  ---------------

OS:
 Windows Server 2022 , 64 bit Build 20348 (10.0.20348.2110)
OS uptime: 0 days 2:22 hours
Xen hardware-assisted virtualization detected

CPU: total 1 (initial active 1) (1 cores per cpu, 1 threads per core) family 6 model 63 stepping 2 microcode 0x49, cx8, cmov, fxsr, mmx, sse, sse2, sse3, ssse3, sse4.1, sse4.2, popcnt, lzcnt, tsc, avx, avx2, aes, erms, clmul, bmi1, bmi2, fma, vzeroupper, clflush, hv
Processor Information for all 1 processors :
  Max Mhz: 2400, Current Mhz: 2400, Mhz Limit: 2400

Memory: 4k page, system-wide physical 1023M (51M free)
TotalPageFile size 4863M (AvailPageFile size 9M)
current process WorkingSet (physical memory assigned to process): 44M, peak: 131M
current process commit charge ("private bytes"): 324M, peak: 340M

vm_info: OpenJDK 64-Bit Server VM (17.0.10+7) for windows-amd64 JRE (17.0.10+7), built on Jan 16 2024 23:25:11 by "admin" with MS VC++ 16.10 / 16.11 (VS2019)

END.
