#
# There is insufficient memory for the Java Runtime Environment to continue.
# Native memory allocation (malloc) failed to allocate 1640512 bytes for Chunk::new
# Possible reasons:
#   The system is out of physical RAM or swap space
#   The process is running with CompressedOops enabled, and the Java Heap may be blocking the growth of the native heap
# Possible solutions:
#   Reduce memory load on the system
#   Increase physical memory or swap space
#   Check if swap backing store is full
#   Decrease Java heap size (-Xmx/-Xms)
#   Decrease number of Java threads
#   Decrease Java thread stack sizes (-Xss)
#   Set larger code cache with -XX:ReservedCodeCacheSize=
#   JVM is running with Unscaled Compressed Oops mode in which the Java heap is
#     placed in the first 4GB address space. The Java Heap base address is the
#     maximum limit for the native heap growth. Please use -XX:HeapBaseMinAddress
#     to set the Java Heap base and to place the Java Heap above 4GB virtual address.
# This output file may be truncated or incomplete.
#
#  Out of Memory Error (arena.cpp:191), pid=5304, tid=4600
#
# JRE version: OpenJDK Runtime Environment Temurin-17.0.10+7 (17.0.10+7) (build 17.0.10+7)
# Java VM: OpenJDK 64-Bit Server VM Temurin-17.0.10+7 (17.0.10+7, mixed mode, sharing, tiered, compressed oops, compressed class ptrs, serial gc, windows-amd64)
# Core dump will be written. Default location: c:\Users\Administrator\Desktop\Repos\CICD\Catalogue\hs_err_pid5304.mdmp
#

---------------  S U M M A R Y ------------

Command Line: -Xms256m -Xmx2048m c:\Users\Administrator\.vscode\extensions\nicolasvuillamy.vscode-groovy-lint-3.2.3\server\node_modules\npm-groovy-lint\lib/java/CodeNarcServer.jar --file C:\Users\ADMINI~1\AppData\Local\Temp\2\npm-groovy-lint\codeNarcTmpDir_0.06005917139176864\Jenkinsfile --parse -basedir=C:\Users\ADMINI~1\AppData\Local\Temp\2\npm-groovy-lint\codeNarcTmpDir_0.06005917139176864 -ruleset=%7B%22AbstractClassName%22%3A%7B%7D%2C%22AbstractClassWithoutAbstractMethod%22%3A%7B%7D%2C%22AbstractClassWithPublicConstructor%22%3A%7B%7D%2C%22AddEmptyString%22%3A%7B%7D%2C%22AssertWithinFinallyBlock%22%3A%7B%7D%2C%22AssignCollectionSort%22%3A%7B%7D%2C%22AssignCollectionUnique%22%3A%7B%7D%2C%22AssignmentInConditional%22%3A%7B%7D%2C%22AssignmentToStaticFieldFromInstanceMethod%22%3A%7B%7D%2C%22BigDecimalInstantiation%22%3A%7B%7D%2C%22BitwiseOperatorInConditional%22%3A%7B%7D%2C%22BlankLineBeforePackage%22%3A%7B%7D%2C%22BlockEndsWithBlankLine%22%3A%7B%7D%2C%22BlockStartsWithBlankLine%22%3A%7B%7D%2C%22BooleanGetBoolean%22%3A%7B%7D%2C%22BooleanMethodReturnsNull%22%3A%7B%7D%2C%22BracesForClass%22%3A%7B%22priority%22%3A3%7D%2C%22BracesForForLoop%22%3A%7B%22priority%22%3A3%7D%2C%22BracesForIfElse%22%3A%7B%22priority%22%3A3%7D%2C%22BracesForMethod%22%3A%7B%22priority%22%3A3%7D%2C%22BracesForTryCatchFinally%22%3A%7B%22priority%22%3A3%7D%2C%22BrokenNullCheck%22%3A%7B%7D%2C%22BrokenOddnessCheck%22%3A%7B%7D%2C%22BuilderMethodWithSideEffects%22%3A%7B%7D%2C%22BusyWait%22%3A%7B%7D%2C%22CatchArrayIndexOutOfBoundsException%22%3A%7B%7D%2C%22CatchError%22%3A%7B%7D%2C%22CatchException%22%3A%7B%7D%2C%22CatchIllegalMonitorStateException%22%3A%7B%7D%2C%22CatchIndexOutOfBoundsException%22%3A%7B%7D%2C%22CatchNullPointerException%22%3A%7B%7D%2C%22CatchRuntimeException%22%3A%7B%7D%2C%22CatchThrowable%22%3A%7B%7D%2C%22ChainedTest%22%3A%7B%7D%2C%22ClassEndsWithBlankLine%22%3A%7B%7D%2C%22ClassForName%22%3A%7B%7D%2C%22ClassJavadoc%22%3A%7B%7D%2C%22ClassName%22%3A%7B%7D%2C%22ClassNameSameAsFilename%22%3A%7B%7D%2C%22ClassNameSameAsSuperclass%22%3A%7B%7D%2C%22ClassSize%22%3A%7B%7D%2C%22ClassStartsWithBlankLine%22%3A%7B%7D%2C%22CloneableWithoutClone%22%3A%7B%7D%2C%22CloneWithoutCloneable%22%3A%7B%7D%2C%22CloseWithoutCloseable%22%3A%7B%7D%2C%22ClosureAsLastMethodParameter%22%3A%7B%7D%2C%22ClosureStatementOnOpeningLineOfMultipleLineClosure%22%3A%7B%7D%2C%22CollectAllIsDeprecated%22%3A%7B%7D%2C%22CompareToWithoutComparable%22%3A%7B%7D%2C%22ComparisonOfTwoConstants%22%3A%7B%7D%2C%22ComparisonWithSelf%22%3A%7B%7D%2C%22CompileStatic%22%3A%7B%22priority%22%3A3%7D%2C%22ConfusingClassNamedException%22%3A%7B%7D%2C%22ConfusingMethodName%22%3A%7B%7D%2C%22ConfusingMultipleReturns%22%3A%7B%7D%2C%22ConfusingTernary%22%3A%7B%7D%2C%22ConsecutiveBlankLines%22%3A%7B%7D%2C%22ConsecutiveLiteralAppends%22%3A%7B%7D%2C%22ConsecutiveStringConcatenation%22%3A%7B%7D%2C%22ConstantAssertExpression%22%3A%7B%7D%2C%22ConstantIfExpression%22%3A%7B%7D%2C%22ConstantsOnlyInterface%22%3A%7B%7D%2C%22ConstantTernaryExpression%22%3A%7B%7D%2C%22CouldBeElvis%22%3A%7B%7D%2C%22CouldBeSwitchStatement%22%3A%7B%7D%2C%22CoupledTestCase%22%3A%7B%7D%2C%22DeadCode%22%3A%7B%22priority%22%3A1%7D%2C%22DirectConnectionManagement%22%3A%7B%7D%2C%22DoubleCheckedLocking%22%3A%7B%7D%2C%22DoubleNegative%22%3A%7B%7D%2C%22DuplicateCaseStatement%22%3A%7B%7D%2C%22DuplicateImport%22%3A%7B%7D%2C%22DuplicateListLiteral%22%3A%7B%22priority%22%3A3%7D%2C%22DuplicateMapKey%22%3A%7B%7D%2C%22DuplicateMapLiteral%22%3A%7B%22priority%22%3A2%7D%2C%22DuplicateNumberLiteral%22%3A%7B%22priority%22%3A3%2C%22ignoreNumbers%22%3A%5B0%2C1%2C2%2C3%2C-1%5D%7D%2C%22DuplicateSetValue%22%3A%7B%7D%2C%22DuplicateStringLiteral%22%3A%7B%22priority%22%3A3%7D%2C%22ElseBlockBraces%22%3A%7B%7D%2C%22EmptyCatchBlock%22%3A%7B%7D%2C%22EmptyClass%22%3A%7B%7D%2C%22EmptyElseBlock%22%3A%7B%7D%2C%22EmptyFinallyBlock%22%3A%7B%7D%2C%22EmptyForStatement%22%3A%7B%7D%2C%22EmptyIfStatement%22%3A%7B%7D%2C%22EmptyInstanceInitializer%22%3A%7B%7D%2C%22EmptyMethod%22%3A%7B%7D%2C%22EmptyMethodInAbstractClass%22%3A%7B%7D%2C%22EmptyStaticInitializer%22%3A%7B%7D%2C%22EmptySwitchStatement%22%3A%7B%7D%2C%22EmptySynchronizedStatement%22%3A%7B%7D%2C%22EmptyTryBlock%22%3A%7B%7D%2C%22EmptyWhileStatement%22%3A%7B%7D%2C%22EnumCustomSerializationIgnored%22%3A%7B%7D%2C%22EqualsAndHashCode%22%3A%7B%7D%2C%22EqualsOverloaded%22%3A%7B%7D%2C%22ExceptionExtendsError%22%3A%7B%7D%2C%22ExceptionExtendsThrowable%22%3A%7B%7D%2C%22ExceptionNotThrown%22%3A%7B%7D%2C%22ExplicitArrayListInstantiation%22%3A%7B%7D%2C%22ExplicitCallToAndMethod%22%3A%7B%7D%2C%22ExplicitCallToCompareToMethod%22%3A%7B%7D%2C%22ExplicitCallToDivMethod%22%3A%7B%7D%2C%22ExplicitCallToEqualsMethod%22%3A%7B%22priority%22%3A3%7D%2C%22ExplicitCallToGetAtMethod%22%3A%7B%7D%2C%22ExplicitCallToLeftShiftMethod%22%3A%7B%7D%2C%22ExplicitCallToMinusMethod%22%3A%7B%7D%2C%22ExplicitCallToModMethod%22%3A%7B%7D%2C%22ExplicitCallToMultiplyMethod%22%3A%7B%7D%2C%22ExplicitCallToOrMethod%22%3A%7B%7D%2C%22ExplicitCallToPlusMethod%22%3A%7B%7D%2C%22ExplicitCallToPowerMethod%22%3A%7B%7D%2C%22ExplicitCallToPutAtMethod%22%3A%7B%7D%2C%22ExplicitCallToRightShiftMethod%22%3A%7B%7D%2C%22ExplicitCallToXorMethod%22%3A%7B%7D%2C%22ExplicitGarbageCollection%22%3A%7B%7D%2C%22ExplicitHashMapInstantiation%22%3A%7B%7D%2C%22ExplicitHashSetInstantiation%22%3A%7B%7D%2C%22ExplicitLinkedHashMapInstantiation%22%3A%7B%7D%2C%22ExplicitLinkedListInstantiation%22%3A%7B%7D%2C%22ExplicitStackInstantiation%22%3A%7B%7D%2C%22ExplicitTreeSetInstantiation%22%3A%7B%7D%2C%22FactoryMethodName%22%3A%7B%7D%2C%22FieldName%22%3A%7B%7D%2C%22FieldTypeRequired%22%3A%7B%22priority%22%3A3%7D%2C%22FileCreateTempFile%22%3A%7B%7D%2C%22FileEndsWithoutNewline%22%3A%7B%7D%2C%22FinalClassWithProtectedMember%22%3A%7B%7D%2C%22ForLoopShouldBeWhileLoop%22%3A%7B%7D%2C%22ForStatementBraces%22%3A%7B%7D%2C%22GetterMethodCouldBeProperty%22%3A%7B%7D%2C%22GrailsDomainGormMethods%22%3A%7B%7D%2C%22GrailsDomainHasEquals%22%3A%7B%7D%2C%22GrailsDomainHasToString%22%3A%7B%7D%2C%22GrailsDomainReservedSqlKeywordName%22%3A%7B%7D%2C%22GrailsDomainStringPropertyMaxSize%22%3A%7B%7D%2C%22GrailsDomainWithServiceReference%22%3A%7B%7D%2C%22GrailsDuplicateConstraint%22%3A%7B%7D%2C%22GrailsDuplicateMapping%22%3A%7B%7D%2C%22GrailsMassAssignment%22%3A%7B%7D%2C%22GrailsPublicControllerMethod%22%3A%7B%7D%2C%22GrailsServletContextReference%22%3A%7B%7D%2C%22GrailsStatelessService%22%3A%7B%7D%2C%22GroovyLangImmutable%22%3A%7B%7D%2C%22GStringAsMapKey%22%3A%7B%7D%2C%22GStringExpressionWithinString%22%3A%7B%7D%2C%22HardCodedWindowsFileSeparator%22%3A%7B%7D%2C%22HardCodedWindowsRootDirectory%22%3A%7B%7D%2C%22HashtableIsObsolete%22%3A%7B%7D%2C%22IfStatementBraces%22%3A%7B%7D%2C%22IfStatementCouldBeTernary%22%3A%7B%22priority%22%3A3%7D%2C%22IllegalClassMember%22%3A%7B%7D%2C%22IllegalClassReference%22%3A%7B%7D%2C%22IllegalPackageReference%22%3A%7B%7D%2C%22IllegalRegex%22%3A%7B%7D%2C%22IllegalString%22%3A%7B%7D%2C%22IllegalSubclass%22%3A%7B%7D%2C%22ImplementationAsType%22%3A%7B%7D%2C%22ImplicitClosureParameter%22%3A%7B%7D%2C%22ImplicitReturnStatement%22%3A%7B%7D%2C%22ImportFromSamePackage%22%3A%7B%7D%2C%22ImportFromSunPackages%22%3A%7B%7D%2C%22InconsistentPropertyLocking%22%3A%7B%7D%2C%22InconsistentPropertySynchronization%22%3A%7B%7D%2C%22Indentation%22%3A%7B%22priority%22%3A3%2C%22spacesPerIndentLevel%22%3A4%2C%22enabled%22%3Atrue%7D%2C%22InsecureRandom%22%3A%7B%7D%2C%22Instanceof%22%3A%7B%7D%2C%22IntegerGetInteger%22%3A%7B%7D%2C%22InterfaceName%22%3A%7B%7D%2C%22InterfaceNameSameAsSuperInterface%22%3A%7B%7D%2C%22InvertedCondition%22%3A%7B%7D%2C%22InvertedIfElse%22%3A%7B%7D%2C%22JavadocConsecutiveEmptyLines%22%3A%7B%7D%2C%22JavadocEmptyAuthorTag%22%3A%7B%7D%2C%22JavadocEmptyExceptionTag%22%3A%7B%7D%2C%22JavadocEmptyFirstLine%22%3A%7B%7D%2C%22JavadocEmptyLastLine%22%3A%7B%7D%2C%22JavadocEmptyParamTag%22%3A%7B%7D%2C%22JavadocEmptyReturnTag%22%3A%7B%7D%2C%22JavadocEmptySeeTag%22%3A%7B%7D%2C%22JavadocEmptySinceTag%22%3A%7B%7D%2C%22JavadocEmptyThrowsTag%22%3A%7B%7D%2C%22JavadocEmptyVersionTag%22%3A%7B%7D%2C%22JavadocMissingExceptionDescription%22%3A%7B%7D%2C%22JavadocMissingParamDescription%22%3A%7B%7D%2C%22JavadocMissingThrowsDescription%22%3A%7B%7D%2C%22JavaIoPackageAccess%22%3A%7B%7D%2C%22JdbcConnectionReference%22%3A%7B%7D%2C%22JdbcResultSetReference%22%3A%7B%7D%2C%22JdbcStatementReference%22%3A%7B%7D%2C%22JUnitAssertAlwaysFails%22%3A%7B%7D%2C%22JUnitAssertAlwaysSucceeds%22%3A%7B%7D%2C%22JUnitAssertEqualsConstantActualValue%22%3A%7B%7D%2C%22JUnitFailWithoutMessage%22%3A%7B%7D%2C%22JUnitLostTest%22%3A%7B%7D%2C%22JUnitPublicField%22%3A%7B%7D%2C%22JUnitPublicNonTestMethod%22%3A%7B%7D%2C%22JUnitPublicProperty%22%3A%7B%7D%2C%22JUnitSetUpCallsSuper%22%3A%7B%7D%2C%22JUnitStyleAssertions%22%3A%7B%7D%2C%22JUnitTearDownCallsSuper%22%3A%7B%7D%2C%22JUnitTestMethodWithoutAssert%22%3A%7B%7D%2C%22JUnitUnnecessarySetUp%22%3A%7B%7D%2C%22JUnitUnnecessaryTearDown%22%3A%7B%7D%2C%22JUnitUnnecessaryThrowsException%22%3A%7B%7D%2C%22LineLength%22%3A%7B%7D%2C%22LocaleSetDefault%22%3A%7B%7D%2C%22LoggerForDifferentClass%22%3A%7B%7D%2C%22LoggerWithWrongModifiers%22%3A%7B%7D%2C%22LoggingSwallowsStacktrace%22%3A%7B%7D%2C%22LongLiteralWithLowerCaseL%22%3A%7B%7D%2C%22MethodCount%22%3A%7B%7D%2C%22MethodName%22%3A%7B%7D%2C%22MethodParameterTypeRequired%22%3A%7B%7D%2C%22MethodReturnTypeRequired%22%3A%7B%7D%2C%22MethodSize%22%3A%7B%7D%2C%22MisorderedStaticImports%22%3A%7B%7D%2C%22MissingBlankLineAfterImports%22%3A%7B%7D%2C%22MissingBlankLineAfterPackage%22%3A%7B%7D%2C%22MissingBlankLineBeforeAnnotatedField%22%3A%7B%7D%2C%22MissingNewInThrowStatement%22%3A%7B%7D%2C%22MissingOverrideAnnotation%22%3A%7B%7D%2C%22MultipleLoggers%22%3A%7B%7D%2C%22MultipleUnaryOperators%22%3A%7B%7D%2C%22NestedBlockDepth%22%3A%7B%7D%2C%22NestedForLoop%22%3A%7B%7D%2C%22NestedSynchronization%22%3A%7B%7D%2C%22NoDef%22%3A%7B%22priority%22%3A3%7D%2C%22NoDouble%22%3A%7B%7D%2C%22NoFloat%22%3A%7B%7D%2C%22NoJavaUtilDate%22%3A%7B%7D%2C%22NonFinalPublicField%22%3A%7B%7D%2C%22NonFinalSubclassOfSensitiveInterface%22%3A%7B%7D%2C%22NoTabCharacter%22%3A%7B%7D%2C%22NoWildcardImports%22%3A%7B%7D%2C%22ObjectFinalize%22%3A%7B%7D%2C%22ObjectOverrideMisspelledMethodName%22%3A%7B%7D%2C%22OptionalCollectionReturnType%22%3A%7B%7D%2C%22OptionalField%22%3A%7B%7D%2C%22OptionalMethodParameter%22%3A%7B%7D%2C%22PackageName%22%3A%7B%7D%2C%22PackageNameMatchesFilePath%22%3A%7B%7D%2C%22ParameterAssignmentInFilterClosure%22%3A%7B%7D%2C%22ParameterCount%22%3A%7B%7D%2C%22ParameterName%22%3A%7B%7D%2C%22ParameterReassignment%22%3A%7B%7D%2C%22PrintStackTrace%22%3A%7B%7D%2C%22PrivateFieldCouldBeFinal%22%3A%7B%7D%2C%22PropertyName%22%3A%7B%7D%2C%22PublicFinalizeMethod%22%3A%7B%7D%2C%22PublicInstanceField%22%3A%7B%7D%2C%22PublicMethodsBeforeNonPublicMethods%22%3A%7B%7D%2C%22RandomDoubleCoercedToZero%22%3A%7B%7D%2C%22RemoveAllOnSelf%22%3A%7B%7D%2C%22RequiredRegex%22%3A%7B%7D%2C%22RequiredString%22%3A%7B%7D%2C%22ReturnFromFinallyBlock%22%3A%7B%7D%2C%22ReturnNullFromCatchBlock%22%3A%7B%7D%2C%22ReturnsNullInsteadOfEmptyArray%22%3A%7B%7D%2C%22ReturnsNullInsteadOfEmptyCollection%22%3A%7B%7D%2C%22SerializableClassMustDefineSerialVersionUID%22%3A%7B%7D%2C%22SerialPersistentFields%22%3A%7B%7D%2C%22SerialVersionUID%22%3A%7B%7D%2C%22SimpleDateFormatMissingLocale%22%3A%7B%7D%2C%22SpaceAfterCatch%22%3A%7B%7D%2C%22SpaceAfterClosingBrace%22%3A%7B%7D%2C%22SpaceAfterComma%22%3A%7B%7D%2C%22SpaceAfterFor%22%3A%7B%7D%2C%22SpaceAfterIf%22%3A%7B%7D%2C%22SpaceAfterMethodCallName%22%3A%7B%7D%2C%22SpaceAfterMethodDeclarationName%22%3A%7B%7D%2C%22SpaceAfterNotOperator%22%3A%7B%7D%2C%22SpaceAfterOpeningBrace%22%3A%7B%7D%2C%22SpaceAfterSemicolon%22%3A%7B%7D%2C%22SpaceAfterSwitch%22%3A%7B%7D%2C%22SpaceAfterWhile%22%3A%7B%7D%2C%22SpaceAroundClosureArrow%22%3A%7B%7D%2C%22SpaceAroundOperator%22%3A%7B%7D%2C%22SpaceBeforeClosingBrace%22%3A%7B%7D%2C%22SpaceBeforeOpeningBrace%22%3A%7B%7D%2C%22SpaceInsideParentheses%22%3A%7B%7D%2C%22SpockIgnoreRestUsed%22%3A%7B%7D%2C%22StatelessClass%22%3A%7B%7D%2C%22StatelessSingleton%22%3A%7B%7D%2C%22StaticCalendarField%22%3A%7B%7D%2C%22StaticConnection%22%3A%7B%7D%2C%22StaticDateFormatField%22%3A%7B%7D%2C%22StaticFieldsBeforeInstanceFields%22%3A%7B%7D%2C%22StaticMatcherField%22%3A%7B%7D%2C%22StaticMethodsBeforeInstanceMethods%22%3A%7B%7D%2C%22StaticSimpleDateFormatField%22%3A%7B%7D%2C%22SwallowThreadDeath%22%3A%7B%7D%2C%22SynchronizedMethod%22%3A%7B%7D%2C%22SynchronizedOnBoxedPrimitive%22%3A%7B%7D%2C%22SynchronizedOnGetClass%22%3A%7B%7D%2C%22SynchronizedOnReentrantLock%22%3A%7B%7D%2C%22SynchronizedOnString%22%3A%7B%7D%2C%22SynchronizedOnThis%22%3A%7B%7D%2C%22SynchronizedReadObjectMethod%22%3A%7B%7D%2C%22SystemErrPrint%22%3A%7B%7D%2C%22SystemExit%22%3A%7B%7D%2C%22SystemOutPrint%22%3A%7B%7D%2C%22SystemRunFinalizersOnExit%22%3A%7B%7D%2C%22TernaryCouldBeElvis%22%3A%7B%7D%2C%22ThisReferenceEscapesConstructor%22%3A%7B%7D%2C%22ThreadGroup%22%3A%7B%7D%2C%22ThreadLocalNotStaticFinal%22%3A%7B%7D%2C%22ThreadYield%22%3A%7B%7D%2C%22ThrowError%22%3A%7B%7D%2C%22ThrowException%22%3A%7B%22priority%22%3A3%7D%2C%22ThrowExceptionFromFinallyBlock%22%3A%7B%7D%2C%22ThrowNullPointerException%22%3A%7B%22priority%22%3A3%7D%2C%22ThrowRuntimeException%22%3A%7B%22priority%22%3A3%7D%2C%22ThrowThrowable%22%3A%7B%22priority%22%3A3%7D%2C%22ToStringReturnsNull%22%3A%7B%7D%2C%22TrailingWhitespace%22%3A%7B%7D%2C%22UnnecessaryBigDecimalInstantiation%22%3A%7B%7D%2C%22UnnecessaryBigIntegerInstantiation%22%3A%7B%7D%2C%22UnnecessaryBooleanExpression%22%3A%7B%7D%2C%22UnnecessaryBooleanInstantiation%22%3A%7B%7D%2C%22UnnecessaryCallForLastElement%22%3A%7B%7D%2C%22UnnecessaryCallToSubstring%22%3A%7B%7D%2C%22UnnecessaryCast%22%3A%7B%7D%2C%22UnnecessaryCatchBlock%22%3A%7B%7D%2C%22UnnecessaryCollectCall%22%3A%7B%7D%2C%22UnnecessaryCollectionCall%22%3A%7B%7D%2C%22UnnecessaryConstructor%22%3A%7B%7D%2C%22UnnecessaryDefInFieldDeclaration%22%3A%7B%7D%2C%22UnnecessaryDefInMethodDeclaration%22%3A%7B%7D%2C%22UnnecessaryDefInVariableDeclaration%22%3A%7B%7D%2C%22UnnecessaryDotClass%22%3A%7B%7D%2C%22UnnecessaryDoubleInstantiation%22%3A%7B%7D%2C%22UnnecessaryElseStatement%22%3A%7B%7D%2C%22UnnecessaryFail%22%3A%7B%7D%2C%22UnnecessaryFinalOnPrivateMethod%22%3A%7B%7D%2C%22UnnecessaryFloatInstantiation%22%3A%7B%7D%2C%22UnnecessaryGetter%22%3A%7B%7D%2C%22UnnecessaryGroovyImport%22%3A%7B%7D%2C%22UnnecessaryGString%22%3A%7B%7D%2C%22UnnecessaryIfStatement%22%3A%7B%7D%2C%22UnnecessaryInstanceOfCheck%22%3A%7B%7D%2C%22UnnecessaryInstantiationToGetClass%22%3A%7B%7D%2C%22UnnecessaryIntegerInstantiation%22%3A%7B%7D%2C%22UnnecessaryLongInstantiation%22%3A%7B%7D%2C%22UnnecessaryModOne%22%3A%7B%7D%2C%22UnnecessaryNullCheck%22%3A%7B%7D%2C%22UnnecessaryNullCheckBeforeInstanceOf%22%3A%7B%7D%2C%22UnnecessaryObjectReferences%22%3A%7B%7D%2C%22UnnecessaryOverridingMethod%22%3A%7B%7D%2C%22UnnecessaryPackageReference%22%3A%7B%7D%2C%22UnnecessaryParenthesesForMethodCallWithClosure%22%3A%7B%7D%2C%22UnnecessaryPublicModifier%22%3A%7B%7D%2C%22UnnecessarySafeNavigationOperator%22%3A%7B%7D%2C%22UnnecessarySelfAssignment%22%3A%7B%7D%2C%22UnnecessarySemicolon%22%3A%7B%7D%2C%22UnnecessarySetter%22%3A%7B%7D%2C%22UnnecessaryStringInstantiation%22%3A%7B%7D%2C%22UnnecessaryTernaryExpression%22%3A%7B%7D%2C%22UnnecessaryToString%22%3A%7B%7D%2C%22UnnecessaryTransientModifier%22%3A%7B%7D%2C%22UnsafeArrayDeclaration%22%3A%7B%7D%2C%22UnsafeImplementationAsMap%22%3A%7B%7D%2C%22UnusedArray%22%3A%7B%22priority%22%3A1%7D%2C%22UnusedImport%22%3A%7B%7D%2C%22UnusedMethodParameter%22%3A%7B%7D%2C%22UnusedObject%22%3A%7B%22priority%22%3A1%7D%2C%22UnusedPrivateField%22%3A%7B%22priority%22%3A1%7D%2C%22UnusedPrivateMethod%22%3A%7B%22priority%22%3A1%7D%2C%22UnusedPrivateMethodParameter%22%3A%7B%22priority%22%3A1%7D%2C%22UnusedVariable%22%3A%7B%22priority%22%3A1%7D%2C%22UseAssertEqualsInsteadOfAssertTrue%22%3A%7B%7D%2C%22UseAssertFalseInsteadOfNegation%22%3A%7B%7D%2C%22UseAssertNullInsteadOfAssertEquals%22%3A%7B%7D%2C%22UseAssertSameInsteadOfAssertTrue%22%3A%7B%7D%2C%22UseAssertTrueInsteadOfAssertEquals%22%3A%7B%7D%2C%22UseAssertTrueInsteadOfNegation%22%3A%7B%7D%2C%22UseCollectMany%22%3A%7B%7D%2C%22UseCollectNested%22%3A%7B%7D%2C%22UseOfNotifyMethod%22%3A%7B%7D%2C%22VariableName%22%3A%7B%7D%2C%22VariableTypeRequired%22%3A%7B%22priority%22%3A3%7D%2C%22VectorIsObsolete%22%3A%7B%7D%2C%22VolatileArrayField%22%3A%7B%7D%2C%22VolatileLongOrDoubleField%22%3A%7B%7D%2C%22WaitOutsideOfWhileLoop%22%3A%7B%7D%2C%22WhileStatementBraces%22%3A%7B%7D%7D -includes=**/Jenkinsfile -report=json:stdout

Host: Intel(R) Xeon(R) CPU E5-2676 v3 @ 2.40GHz, 1 cores, 1023M,  Windows Server 2022 , 64 bit Build 20348 (10.0.20348.2110)
Time: Thu Mar 14 12:58:45 2024 Coordinated Universal Time elapsed time: 249.351855 seconds (0d 0h 4m 9s)

---------------  T H R E A D  ---------------

Current thread (0x00000140af2c30e0):  JavaThread "C2 CompilerThread0" daemon [_thread_in_native, id=4600, stack(0x0000000636500000,0x0000000636600000)]


Current CompileTask:
C2: 249355 3886       4       groovy.lang.MetaClassImpl$MethodIndexAction::iterate (119 bytes)

Stack: [0x0000000636500000,0x0000000636600000]
Native frames: (J=compiled Java code, j=interpreted, Vv=VM code, C=native code)
V  [jvm.dll+0x67d2c9]
V  [jvm.dll+0x834afa]
V  [jvm.dll+0x8365be]
V  [jvm.dll+0x836c23]
V  [jvm.dll+0x2477ff]
V  [jvm.dll+0xac514]
V  [jvm.dll+0xacb5c]
V  [jvm.dll+0x3667d7]
V  [jvm.dll+0x330bfa]
V  [jvm.dll+0x33009a]
V  [jvm.dll+0x219ef1]
V  [jvm.dll+0x219311]
V  [jvm.dll+0x1a502d]
V  [jvm.dll+0x2290de]
V  [jvm.dll+0x2272ac]
V  [jvm.dll+0x7e9bb7]
V  [jvm.dll+0x7e3fba]
V  [jvm.dll+0x67c1b5]
C  [ucrtbase.dll+0x26b4c]
C  [KERNEL32.DLL+0x14de0]
C  [ntdll.dll+0x7edab]


---------------  P R O C E S S  ---------------

Threads class SMR info:
_java_thread_list=0x00000140c53f5170, length=12, elements={
0x00000140af22d1a0, 0x00000140af2a6d00, 0x00000140af2a7b80, 0x00000140af2bc6a0,
0x00000140af2bd520, 0x00000140af2c02b0, 0x00000140af2c0f30, 0x00000140af2c30e0,
0x00000140c53d7670, 0x00000140c53d7b90, 0x00000140c5414790, 0x00000140c54150c0
}

Java Threads: ( => current thread )
  0x00000140af22d1a0 JavaThread "main" [_thread_in_vm, id=4672, stack(0x0000000635d00000,0x0000000635e00000)]
  0x00000140af2a6d00 JavaThread "Reference Handler" daemon [_thread_blocked, id=5228, stack(0x0000000635f00000,0x0000000636000000)]
  0x00000140af2a7b80 JavaThread "Finalizer" daemon [_thread_blocked, id=3864, stack(0x0000000636000000,0x0000000636100000)]
  0x00000140af2bc6a0 JavaThread "Signal Dispatcher" daemon [_thread_blocked, id=3580, stack(0x0000000636100000,0x0000000636200000)]
  0x00000140af2bd520 JavaThread "Attach Listener" daemon [_thread_blocked, id=504, stack(0x0000000636200000,0x0000000636300000)]
  0x00000140af2c02b0 JavaThread "Service Thread" daemon [_thread_blocked, id=4464, stack(0x0000000636300000,0x0000000636400000)]
  0x00000140af2c0f30 JavaThread "Monitor Deflation Thread" daemon [_thread_blocked, id=3032, stack(0x0000000636400000,0x0000000636500000)]
=>0x00000140af2c30e0 JavaThread "C2 CompilerThread0" daemon [_thread_in_native, id=4600, stack(0x0000000636500000,0x0000000636600000)]
  0x00000140c53d7670 JavaThread "C1 CompilerThread0" daemon [_thread_blocked, id=5796, stack(0x0000000636600000,0x0000000636700000)]
  0x00000140c53d7b90 JavaThread "Sweeper thread" daemon [_thread_blocked, id=2640, stack(0x0000000636700000,0x0000000636800000)]
  0x00000140c5414790 JavaThread "Notification Thread" daemon [_thread_blocked, id=6096, stack(0x0000000636800000,0x0000000636900000)]
  0x00000140c54150c0 JavaThread "Common-Cleaner" daemon [_thread_blocked, id=5256, stack(0x0000000636a00000,0x0000000636b00000)]

Other Threads:
  0x00000140af29f890 VMThread "VM Thread" [stack: 0x0000000635e00000,0x0000000635f00000] [id=796] _threads_hazard_ptr=0x00000140c53f5170
  0x00000140c5414c70 WatcherThread [stack: 0x0000000636900000,0x0000000636a00000] [id=976]

Threads with active compile tasks:
C2 CompilerThread0   249712 3886       4       groovy.lang.MetaClassImpl$MethodIndexAction::iterate (119 bytes)

VM state: synchronizing (normal execution)

VM Mutex/Monitor currently owned by a thread:  ([mutex/lock_event])
[0x00000140af227c00] Threads_lock - owner thread: 0x00000140af29f890

Heap address: 0x0000000080000000, size: 2048 MB, Compressed Oops mode: 32-bit

CDS archive(s) mapped at: [0x00000140c6000000-0x00000140c6a40000-0x00000140c6a40000), size 10747904, SharedBaseAddress: 0x00000140c6000000, ArchiveRelocationMode: 1.
Compressed class space mapped at: 0x00000140c7000000-0x0000014107000000, reserved size: 1073741824
Narrow klass base: 0x00000140c6000000, Narrow klass shift: 0, Narrow klass range: 0x100000000

GC Precious Log:
 CPUs: 1 total, 1 available
 Memory: 1023M
 Large Page Support: Disabled
 NUMA Support: Disabled
 Compressed Oops: Enabled (32-bit)
 Heap Min Capacity: 256M
 Heap Initial Capacity: 256M
 Heap Max Capacity: 2G
 Pre-touch: Disabled

Heap:
 def new generation   total 78720K, used 21389K [0x0000000080000000, 0x0000000085560000, 0x00000000aaaa0000)
  eden space 70016K,  18% used [0x0000000080000000, 0x0000000080c637c8, 0x0000000084460000)
  from space 8704K, 100% used [0x0000000084ce0000, 0x0000000085560000, 0x0000000085560000)
  to   space 8704K,   0% used [0x0000000084460000, 0x0000000084460000, 0x0000000084ce0000)
 tenured generation   total 174784K, used 19338K [0x00000000aaaa0000, 0x00000000b5550000, 0x0000000100000000)
   the space 174784K,  11% used [0x00000000aaaa0000, 0x00000000abd829f8, 0x00000000abd82a00, 0x00000000b5550000)
 Metaspace       used 27166K, committed 27520K, reserved 1114112K
  class space    used 3527K, committed 3712K, reserved 1048576K

Card table byte_map: [0x00000140c4bb0000,0x00000140c4fc0000] _byte_map_base: 0x00000140c47b0000

Polling page: 0x00000140aeff0000

Metaspace:

Usage:
  Non-class:     23.09 MB used.
      Class:      3.44 MB used.
       Both:     26.53 MB used.

Virtual space:
  Non-class space:       64.00 MB reserved,      23.25 MB ( 36%) committed,  1 nodes.
      Class space:        1.00 GB reserved,       3.62 MB ( <1%) committed,  1 nodes.
             Both:        1.06 GB reserved,      26.88 MB (  2%) committed. 

Chunk freelists:
   Non-Class:  7.94 MB
       Class:  12.39 MB
        Both:  20.33 MB

MaxMetaspaceSize: unlimited
CompressedClassSpaceSize: 1.00 GB
Initial GC threshold: 21.00 MB
Current GC threshold: 35.00 MB
CDS: on
MetaspaceReclaimPolicy: balanced
 - commit_granule_bytes: 65536.
 - commit_granule_words: 8192.
 - virtual_space_node_default_size: 8388608.
 - enlarge_chunks_in_place: 1.
 - new_chunks_are_fully_committed: 0.
 - uncommit_free_chunks: 1.
 - use_allocation_guard: 0.
 - handle_deallocations: 1.


Internal statistics:

num_allocs_failed_limit: 3.
num_arena_births: 316.
num_arena_deaths: 2.
num_vsnodes_births: 2.
num_vsnodes_deaths: 0.
num_space_committed: 430.
num_space_uncommitted: 0.
num_chunks_returned_to_freelist: 5.
num_chunks_taken_from_freelist: 1206.
num_chunk_merges: 3.
num_chunk_splits: 839.
num_chunks_enlarged: 616.
num_inconsistent_stats: 0.

CodeHeap 'non-profiled nmethods': size=120064Kb used=2554Kb max_used=2554Kb free=117509Kb
 bounds [0x00000140bd490000, 0x00000140bd710000, 0x00000140c49d0000]
CodeHeap 'profiled nmethods': size=120000Kb used=7761Kb max_used=7761Kb free=112238Kb
 bounds [0x00000140b59d0000, 0x00000140b6170000, 0x00000140bcf00000]
CodeHeap 'non-nmethods': size=5696Kb used=2258Kb max_used=2309Kb free=3437Kb
 bounds [0x00000140bcf00000, 0x00000140bd170000, 0x00000140bd490000]
 total_blobs=4602 nmethods=3840 adapters=675
 compilation: enabled
              stopped_count=0, restarted_count=0
 full_count=0

Compilation events (20 events):
Event: 248.813 Thread 0x00000140c53d7670 nmethod 3883 0x00000140b614bd90 code [0x00000140b614bfc0, 0x00000140b614c958]
Event: 248.813 Thread 0x00000140c53d7670 3887       3       jdk.proxy2.$Proxy4::<init> (6 bytes)
Event: 248.813 Thread 0x00000140c53d7670 nmethod 3887 0x00000140b614cc90 code [0x00000140b614ce60, 0x00000140b614d1a8]
Event: 248.813 Thread 0x00000140c53d7670 3881  s    3       groovy.lang.MetaClassImpl::initialize (12 bytes)
Event: 248.825 Thread 0x00000140c53d7670 nmethod 3881 0x00000140b614d310 code [0x00000140b614d500, 0x00000140b614db68]
Event: 248.825 Thread 0x00000140c53d7670 3888       2       org.codehaus.groovy.runtime.GroovyCategorySupport::getCategoryMethods (21 bytes)
Event: 248.826 Thread 0x00000140c53d7670 nmethod 3888 0x00000140b614dd90 code [0x00000140b614df60, 0x00000140b614e1c8]
Event: 248.827 Thread 0x00000140c53d7670 3889       2       org.codehaus.groovy.runtime.GroovyCategorySupport$MyThreadLocal::getInfoNullable (24 bytes)
Event: 248.827 Thread 0x00000140c53d7670 nmethod 3889 0x00000140b614e310 code [0x00000140b614e4c0, 0x00000140b614e6d8]
Event: 248.827 Thread 0x00000140c53d7670 3882  s!   3       groovy.lang.MetaClassImpl::reinitialize (28 bytes)
Event: 248.827 Thread 0x00000140c53d7670 nmethod 3882 0x00000140b614e810 code [0x00000140b614e9e0, 0x00000140b614ed98]
Event: 249.023 Thread 0x00000140c53d7670 3899       3       java.util.TreeMap::addEntryToEmptyMap (37 bytes)
Event: 249.032 Thread 0x00000140c53d7670 nmethod 3899 0x00000140b614ef10 code [0x00000140b614f100, 0x00000140b614f718]
Event: 249.032 Thread 0x00000140c53d7670 3895   !   3       groovy.lang.MetaClassImpl::invokeMethod (869 bytes)
Event: 249.048 Thread 0x00000140c53d7670 nmethod 3895 0x00000140b614f910 code [0x00000140b6150040, 0x00000140b6154ea8]
Event: 249.048 Thread 0x00000140c53d7670 3896       3       groovy.lang.MetaClassImpl::getMetaMethod (74 bytes)
Event: 249.048 Thread 0x00000140c53d7670 nmethod 3896 0x00000140b6156190 code [0x00000140b6156380, 0x00000140b6156948]
Event: 249.048 Thread 0x00000140c53d7670 3897       3       groovy.lang.MetaClassImpl::getMethodWithCaching (65 bytes)
Event: 249.049 Thread 0x00000140c53d7670 nmethod 3897 0x00000140b6156a90 code [0x00000140b6156ce0, 0x00000140b6157768]
Event: 249.049 Thread 0x00000140c53d7670 3898       3       groovy.lang.MetaClassImpl::getNormalMethodWithCaching (93 bytes)

GC Heap History (6 events):
Event: 26.081 GC heap before
{Heap before GC invocations=0 (full 0):
 def new generation   total 78656K, used 69952K [0x0000000080000000, 0x0000000085550000, 0x00000000aaaa0000)
  eden space 69952K, 100% used [0x0000000080000000, 0x0000000084450000, 0x0000000084450000)
  from space 8704K,   0% used [0x0000000084450000, 0x0000000084450000, 0x0000000084cd0000)
  to   space 8704K,   0% used [0x0000000084cd0000, 0x0000000084cd0000, 0x0000000085550000)
 tenured generation   total 174784K, used 0K [0x00000000aaaa0000, 0x00000000b5550000, 0x0000000100000000)
   the space 174784K,   0% used [0x00000000aaaa0000, 0x00000000aaaa0000, 0x00000000aaaa0200, 0x00000000b5550000)
 Metaspace       used 15681K, committed 16000K, reserved 1114112K
  class space    used 1765K, committed 1920K, reserved 1048576K
}
Event: 26.470 GC heap after
{Heap after GC invocations=1 (full 0):
 def new generation   total 78656K, used 8704K [0x0000000080000000, 0x0000000085550000, 0x00000000aaaa0000)
  eden space 69952K,   0% used [0x0000000080000000, 0x0000000080000000, 0x0000000084450000)
  from space 8704K, 100% used [0x0000000084cd0000, 0x0000000085550000, 0x0000000085550000)
  to   space 8704K,   0% used [0x0000000084450000, 0x0000000084450000, 0x0000000084cd0000)
 tenured generation   total 174784K, used 1361K [0x00000000aaaa0000, 0x00000000b5550000, 0x0000000100000000)
   the space 174784K,   0% used [0x00000000aaaa0000, 0x00000000aabf45d8, 0x00000000aabf4600, 0x00000000b5550000)
 Metaspace       used 15681K, committed 16000K, reserved 1114112K
  class space    used 1765K, committed 1920K, reserved 1048576K
}
Event: 58.288 GC heap before
{Heap before GC invocations=1 (full 0):
 def new generation   total 78656K, used 66984K [0x0000000080000000, 0x0000000085550000, 0x00000000aaaa0000)
  eden space 69952K,  83% used [0x0000000080000000, 0x00000000838ea3f0, 0x0000000084450000)
  from space 8704K, 100% used [0x0000000084cd0000, 0x0000000085550000, 0x0000000085550000)
  to   space 8704K,   0% used [0x0000000084450000, 0x0000000084450000, 0x0000000084cd0000)
 tenured generation   total 174784K, used 1361K [0x00000000aaaa0000, 0x00000000b5550000, 0x0000000100000000)
   the space 174784K,   0% used [0x00000000aaaa0000, 0x00000000aabf45d8, 0x00000000aabf4600, 0x00000000b5550000)
 Metaspace       used 21184K, committed 21504K, reserved 1114112K
  class space    used 2609K, committed 2752K, reserved 1048576K
}
Event: 61.794 GC heap after
{Heap after GC invocations=2 (full 1):
 def new generation   total 78720K, used 0K [0x0000000080000000, 0x0000000085560000, 0x00000000aaaa0000)
  eden space 70016K,   0% used [0x0000000080000000, 0x0000000080000000, 0x0000000084460000)
  from space 8704K,   0% used [0x0000000084460000, 0x0000000084460000, 0x0000000084ce0000)
  to   space 8704K,   0% used [0x0000000084ce0000, 0x0000000084ce0000, 0x0000000085560000)
 tenured generation   total 174784K, used 15153K [0x00000000aaaa0000, 0x00000000b5550000, 0x0000000100000000)
   the space 174784K,   8% used [0x00000000aaaa0000, 0x00000000ab96c670, 0x00000000ab96c800, 0x00000000b5550000)
 Metaspace       used 21182K, committed 21504K, reserved 1114112K
  class space    used 2608K, committed 2752K, reserved 1048576K
}
Event: 245.259 GC heap before
{Heap before GC invocations=2 (full 1):
 def new generation   total 78720K, used 70016K [0x0000000080000000, 0x0000000085560000, 0x00000000aaaa0000)
  eden space 70016K, 100% used [0x0000000080000000, 0x0000000084460000, 0x0000000084460000)
  from space 8704K,   0% used [0x0000000084460000, 0x0000000084460000, 0x0000000084ce0000)
  to   space 8704K,   0% used [0x0000000084ce0000, 0x0000000084ce0000, 0x0000000085560000)
 tenured generation   total 174784K, used 15153K [0x00000000aaaa0000, 0x00000000b5550000, 0x0000000100000000)
   the space 174784K,   8% used [0x00000000aaaa0000, 0x00000000ab96c670, 0x00000000ab96c800, 0x00000000b5550000)
 Metaspace       used 26598K, committed 27008K, reserved 1114112K
  class space    used 3424K, committed 3648K, reserved 1048576K
}
Event: 248.610 GC heap after
{Heap after GC invocations=3 (full 1):
 def new generation   total 78720K, used 8704K [0x0000000080000000, 0x0000000085560000, 0x00000000aaaa0000)
  eden space 70016K,   0% used [0x0000000080000000, 0x0000000080000000, 0x0000000084460000)
  from space 8704K, 100% used [0x0000000084ce0000, 0x0000000085560000, 0x0000000085560000)
  to   space 8704K,   0% used [0x0000000084460000, 0x0000000084460000, 0x0000000084ce0000)
 tenured generation   total 174784K, used 19338K [0x00000000aaaa0000, 0x00000000b5550000, 0x0000000100000000)
   the space 174784K,  11% used [0x00000000aaaa0000, 0x00000000abd829f8, 0x00000000abd82a00, 0x00000000b5550000)
 Metaspace       used 26598K, committed 27008K, reserved 1114112K
  class space    used 3424K, committed 3648K, reserved 1048576K
}

Dll operation events (7 events):
Event: 0.106 Loaded shared library C:\Users\Administrator\.java-caller\jre\jdk-17.0.10+7-jre\bin\java.dll
Event: 0.126 Loaded shared library C:\Users\Administrator\.java-caller\jre\jdk-17.0.10+7-jre\bin\jsvml.dll
Event: 7.053 Loaded shared library C:\Users\Administrator\.java-caller\jre\jdk-17.0.10+7-jre\bin\net.dll
Event: 7.070 Loaded shared library C:\Users\Administrator\.java-caller\jre\jdk-17.0.10+7-jre\bin\nio.dll
Event: 7.716 Loaded shared library C:\Users\Administrator\.java-caller\jre\jdk-17.0.10+7-jre\bin\zip.dll
Event: 8.438 Loaded shared library C:\Users\Administrator\.java-caller\jre\jdk-17.0.10+7-jre\bin\jimage.dll
Event: 13.538 Loaded shared library C:\Users\Administrator\.java-caller\jre\jdk-17.0.10+7-jre\bin\verify.dll

Deoptimization events (20 events):
Event: 145.194 Thread 0x00000140af22d1a0 DEOPT PACKING pc=0x00000140bd670bd8 sp=0x0000000635dfafa0
Event: 145.194 Thread 0x00000140af22d1a0 DEOPT UNPACKING pc=0x00000140bcf566a3 sp=0x0000000635dfaf40 mode 2
Event: 211.429 Thread 0x00000140af22d1a0 DEOPT PACKING pc=0x00000140b5e6ca3c sp=0x0000000635dfb4c0
Event: 211.434 Thread 0x00000140af22d1a0 DEOPT UNPACKING pc=0x00000140bcf56e43 sp=0x0000000635dfa930 mode 0
Event: 228.359 Thread 0x00000140af22d1a0 DEOPT PACKING pc=0x00000140b5e6ca3c sp=0x0000000635dfb410
Event: 228.359 Thread 0x00000140af22d1a0 DEOPT UNPACKING pc=0x00000140bcf56e43 sp=0x0000000635dfa880 mode 0
Event: 244.928 Thread 0x00000140af22d1a0 Uncommon trap: trap_request=0xffffff45 fr.pc=0x00000140bd6807bc relative=0x000000000000053c
Event: 244.929 Thread 0x00000140af22d1a0 Uncommon trap: reason=unstable_if action=reinterpret pc=0x00000140bd6807bc method=groovy.lang.MetaClassImpl$1MOPIter.processFastArray(Lorg/codehaus/groovy/util/FastArray;)V @ 85 c2
Event: 244.929 Thread 0x00000140af22d1a0 DEOPT PACKING pc=0x00000140bd6807bc sp=0x0000000635dfb500
Event: 244.931 Thread 0x00000140af22d1a0 DEOPT UNPACKING pc=0x00000140bcf566a3 sp=0x0000000635dfb448 mode 2
Event: 244.938 Thread 0x00000140af22d1a0 DEOPT PACKING pc=0x00000140b6049f7f sp=0x0000000635dfb450
Event: 244.938 Thread 0x00000140af22d1a0 DEOPT UNPACKING pc=0x00000140bcf56e43 sp=0x0000000635dfa9a0 mode 0
Event: 248.804 Thread 0x00000140af22d1a0 DEOPT PACKING pc=0x00000140b608be13 sp=0x0000000635dfb5d0
Event: 248.804 Thread 0x00000140af22d1a0 DEOPT UNPACKING pc=0x00000140bcf56e43 sp=0x0000000635dfaa80 mode 0
Event: 248.946 Thread 0x00000140af22d1a0 DEOPT PACKING pc=0x00000140b608be13 sp=0x0000000635dfb620
Event: 248.946 Thread 0x00000140af22d1a0 DEOPT UNPACKING pc=0x00000140bcf56e43 sp=0x0000000635dfaad0 mode 0
Event: 248.958 Thread 0x00000140af22d1a0 DEOPT PACKING pc=0x00000140b6049f7f sp=0x0000000635dfb4a0
Event: 248.958 Thread 0x00000140af22d1a0 DEOPT UNPACKING pc=0x00000140bcf56e43 sp=0x0000000635dfa9f0 mode 0
Event: 248.996 Thread 0x00000140af22d1a0 DEOPT PACKING pc=0x00000140b608be13 sp=0x0000000635dfb620
Event: 248.996 Thread 0x00000140af22d1a0 DEOPT UNPACKING pc=0x00000140bcf56e43 sp=0x0000000635dfaad0 mode 0

Classes unloaded (1 events):
Event: 59.508 Thread 0x00000140af29f890 Unloading class 0x00000140c719c000 'SC'

Classes redefined (0 events):
No events

Internal exceptions (20 events):
Event: 248.972 Thread 0x00000140af22d1a0 Exception <a 'java/lang/ClassNotFoundException'{0x00000000804f8bc0}: org/codenarc/rule/comments/JavadocMissingParamDescriptionRuleBeanInfo> (0x00000000804f8bc0) 
thrown [s\src\hotspot\share\classfile\systemDictionary.cpp, line 256]
Event: 248.972 Thread 0x00000140af22d1a0 Exception <a 'java/lang/ClassNotFoundException'{0x00000000804fbc18}: org/codenarc/rule/comments/JavadocMissingParamDescriptionRuleCustomizer> (0x00000000804fbc18) 
thrown [s\src\hotspot\share\classfile\systemDictionary.cpp, line 256]
Event: 248.977 Thread 0x00000140af22d1a0 Exception <a 'java/lang/ClassNotFoundException'{0x0000000080531070}: org/codenarc/rule/comments/JavadocMissingThrowsDescriptionRuleBeanInfo> (0x0000000080531070) 
thrown [s\src\hotspot\share\classfile\systemDictionary.cpp, line 256]
Event: 248.977 Thread 0x00000140af22d1a0 Exception <a 'java/lang/ClassNotFoundException'{0x00000000805340c8}: org/codenarc/rule/comments/JavadocMissingThrowsDescriptionRuleCustomizer> (0x00000000805340c8) 
thrown [s\src\hotspot\share\classfile\systemDictionary.cpp, line 256]
Event: 248.985 Thread 0x00000140af22d1a0 Exception <a 'java/lang/ClassNotFoundException'{0x0000000080561238}: org/codenarc/rule/security/JavaIoPackageAccessRuleBeanInfo> (0x0000000080561238) 
thrown [s\src\hotspot\share\classfile\systemDictionary.cpp, line 256]
Event: 248.985 Thread 0x00000140af22d1a0 Exception <a 'java/lang/ClassNotFoundException'{0x0000000080564190}: org/codenarc/rule/security/JavaIoPackageAccessRuleCustomizer> (0x0000000080564190) 
thrown [s\src\hotspot\share\classfile\systemDictionary.cpp, line 256]
Event: 248.990 Thread 0x00000140af22d1a0 Exception <a 'java/lang/ClassNotFoundException'{0x00000000805a4568}: org/codenarc/rule/jdbc/JdbcConnectionReferenceRuleBeanInfo> (0x00000000805a4568) 
thrown [s\src\hotspot\share\classfile\systemDictionary.cpp, line 256]
Event: 248.990 Thread 0x00000140af22d1a0 Exception <a 'java/lang/ClassNotFoundException'{0x00000000805a73f8}: org/codenarc/rule/jdbc/JdbcConnectionReferenceRuleCustomizer> (0x00000000805a73f8) 
thrown [s\src\hotspot\share\classfile\systemDictionary.cpp, line 256]
Event: 248.992 Thread 0x00000140af22d1a0 Exception <a 'java/lang/ClassNotFoundException'{0x00000000805d8898}: org/codenarc/rule/jdbc/JdbcResultSetReferenceRuleBeanInfo> (0x00000000805d8898) 
thrown [s\src\hotspot\share\classfile\systemDictionary.cpp, line 256]
Event: 248.993 Thread 0x00000140af22d1a0 Exception <a 'java/lang/ClassNotFoundException'{0x00000000805db728}: org/codenarc/rule/jdbc/JdbcResultSetReferenceRuleCustomizer> (0x00000000805db728) 
thrown [s\src\hotspot\share\classfile\systemDictionary.cpp, line 256]
Event: 248.997 Thread 0x00000140af22d1a0 Exception <a 'java/lang/ClassNotFoundException'{0x000000008060cc38}: org/codenarc/rule/jdbc/JdbcStatementReferenceRuleBeanInfo> (0x000000008060cc38) 
thrown [s\src\hotspot\share\classfile\systemDictionary.cpp, line 256]
Event: 248.997 Thread 0x00000140af22d1a0 Exception <a 'java/lang/ClassNotFoundException'{0x000000008060fac8}: org/codenarc/rule/jdbc/JdbcStatementReferenceRuleCustomizer> (0x000000008060fac8) 
thrown [s\src\hotspot\share\classfile\systemDictionary.cpp, line 256]
Event: 249.002 Thread 0x00000140af22d1a0 Exception <a 'java/lang/ClassNotFoundException'{0x0000000080641be0}: org/codenarc/rule/junit/JUnitAssertAlwaysFailsRuleBeanInfo> (0x0000000080641be0) 
thrown [s\src\hotspot\share\classfile\systemDictionary.cpp, line 256]
Event: 249.004 Thread 0x00000140af22d1a0 Exception <a 'java/lang/ClassNotFoundException'{0x0000000080644a70}: org/codenarc/rule/junit/JUnitAssertAlwaysFailsRuleCustomizer> (0x0000000080644a70) 
thrown [s\src\hotspot\share\classfile\systemDictionary.cpp, line 256]
Event: 249.010 Thread 0x00000140af22d1a0 Exception <a 'java/lang/ClassNotFoundException'{0x00000000806808e0}: org/codenarc/rule/junit/JUnitAssertAlwaysSucceedsRuleBeanInfo> (0x00000000806808e0) 
thrown [s\src\hotspot\share\classfile\systemDictionary.cpp, line 256]
Event: 249.010 Thread 0x00000140af22d1a0 Exception <a 'java/lang/ClassNotFoundException'{0x00000000806837c0}: org/codenarc/rule/junit/JUnitAssertAlwaysSucceedsRuleCustomizer> (0x00000000806837c0) 
thrown [s\src\hotspot\share\classfile\systemDictionary.cpp, line 256]
Event: 249.020 Thread 0x00000140af22d1a0 Exception <a 'java/lang/ClassNotFoundException'{0x00000000806c0ea0}: org/codenarc/rule/junit/JUnitAssertEqualsConstantActualValueRuleBeanInfo> (0x00000000806c0ea0) 
thrown [s\src\hotspot\share\classfile\systemDictionary.cpp, line 256]
Event: 249.021 Thread 0x00000140af22d1a0 Exception <a 'java/lang/ClassNotFoundException'{0x00000000806c3e68}: org/codenarc/rule/junit/JUnitAssertEqualsConstantActualValueRuleCustomizer> (0x00000000806c3e68) 
thrown [s\src\hotspot\share\classfile\systemDictionary.cpp, line 256]
Event: 249.043 Thread 0x00000140af22d1a0 Exception <a 'java/lang/ClassNotFoundException'{0x0000000080705e10}: org/codenarc/rule/junit/JUnitFailWithoutMessageRuleBeanInfo> (0x0000000080705e10) 
thrown [s\src\hotspot\share\classfile\systemDictionary.cpp, line 256]
Event: 249.043 Thread 0x00000140af22d1a0 Exception <a 'java/lang/ClassNotFoundException'{0x0000000080708ca0}: org/codenarc/rule/junit/JUnitFailWithoutMessageRuleCustomizer> (0x0000000080708ca0) 
thrown [s\src\hotspot\share\classfile\systemDictionary.cpp, line 256]

VM Operations (20 events):
Event: 188.745 Executing VM operation: Cleanup
Event: 193.659 Executing VM operation: Cleanup done
Event: 195.673 Executing VM operation: Cleanup
Event: 200.940 Executing VM operation: Cleanup done
Event: 201.957 Executing VM operation: Cleanup
Event: 209.386 Executing VM operation: Cleanup done
Event: 210.591 Executing VM operation: Cleanup
Event: 210.595 Executing VM operation: Cleanup done
Event: 211.727 Executing VM operation: Cleanup
Event: 217.403 Executing VM operation: Cleanup done
Event: 218.404 Executing VM operation: Cleanup
Event: 228.057 Executing VM operation: Cleanup done
Event: 229.066 Executing VM operation: Cleanup
Event: 229.124 Executing VM operation: Cleanup done
Event: 231.125 Executing VM operation: Cleanup
Event: 237.137 Executing VM operation: Cleanup done
Event: 239.370 Executing VM operation: Cleanup
Event: 244.682 Executing VM operation: Cleanup done
Event: 245.248 Executing VM operation: GenCollectForAllocation
Event: 248.616 Executing VM operation: GenCollectForAllocation done

Events (20 events):
Event: 210.422 loading class java/lang/ShortCustomizer
Event: 210.423 loading class java/lang/ShortCustomizer done
Event: 210.423 loading class java/lang/ShortCustomizer
Event: 210.423 loading class java/lang/ShortCustomizer done
Event: 211.188 loading class java/math/BigDecimalBeanInfo
Event: 211.188 loading class java/math/BigDecimalBeanInfo done
Event: 211.189 loading class java/math/BigDecimalBeanInfo
Event: 211.189 loading class java/math/BigDecimalBeanInfo done
Event: 211.190 loading class java/math/BigDecimalCustomizer
Event: 211.190 loading class java/math/BigDecimalCustomizer done
Event: 211.191 loading class java/math/BigDecimalCustomizer
Event: 211.191 loading class java/math/BigDecimalCustomizer done
Event: 248.704 loading class java/lang/BooleanBeanInfo
Event: 248.713 loading class java/lang/BooleanBeanInfo done
Event: 248.713 loading class java/lang/BooleanBeanInfo
Event: 248.713 loading class java/lang/BooleanBeanInfo done
Event: 248.713 loading class java/lang/BooleanCustomizer
Event: 248.713 loading class java/lang/BooleanCustomizer done
Event: 248.713 loading class java/lang/BooleanCustomizer
Event: 248.713 loading class java/lang/BooleanCustomizer done


Dynamic libraries:
0x00007ff631b70000 - 0x00007ff631b7e000 	C:\Users\Administrator\.java-caller\jre\jdk-17.0.10+7-jre\bin\java.exe
0x00007fff5ca00000 - 0x00007fff5cc02000 	C:\Windows\SYSTEM32\ntdll.dll
0x00007fff5b310000 - 0x00007fff5b3ce000 	C:\Windows\System32\KERNEL32.DLL
0x00007fff5a340000 - 0x00007fff5a6af000 	C:\Windows\System32\KERNELBASE.dll
0x00007fff4cd80000 - 0x00007fff4cd97000 	C:\Users\Administrator\.java-caller\jre\jdk-17.0.10+7-jre\bin\jli.dll
0x00007fff5b820000 - 0x00007fff5b9c5000 	C:\Windows\System32\USER32.dll
0x00007fff5a6b0000 - 0x00007fff5a6d6000 	C:\Windows\System32\win32u.dll
0x00007fff5ad50000 - 0x00007fff5ad7b000 	C:\Windows\System32\GDI32.dll
0x00007fff5a100000 - 0x00007fff5a21b000 	C:\Windows\System32\gdi32full.dll
0x00007fff5a2a0000 - 0x00007fff5a340000 	C:\Windows\System32\msvcp_win.dll
0x00007fff4b080000 - 0x00007fff4b09b000 	C:\Users\Administrator\.java-caller\jre\jdk-17.0.10+7-jre\bin\VCRUNTIME140.dll
0x00007fff461a0000 - 0x00007fff46444000 	C:\Windows\WinSxS\amd64_microsoft.windows.common-controls_6595b64144ccf1df_6.0.20348.2110_none_947450d7eef395fd\COMCTL32.dll
0x00007fff5aa60000 - 0x00007fff5ab03000 	C:\Windows\System32\msvcrt.dll
0x00007fff5a6e0000 - 0x00007fff5a7f0000 	C:\Windows\System32\ucrtbase.dll
0x00007fff5c130000 - 0x00007fff5c161000 	C:\Windows\System32\IMM32.DLL
0x00007fff4d1e0000 - 0x00007fff4d1ec000 	C:\Users\Administrator\.java-caller\jre\jdk-17.0.10+7-jre\bin\vcruntime140_1.dll
0x00007fff4aff0000 - 0x00007fff4b07d000 	C:\Users\Administrator\.java-caller\jre\jdk-17.0.10+7-jre\bin\msvcp140.dll
0x00007fff2e650000 - 0x00007fff2f2b2000 	C:\Users\Administrator\.java-caller\jre\jdk-17.0.10+7-jre\bin\server\jvm.dll
0x00007fff5ab10000 - 0x00007fff5abc2000 	C:\Windows\System32\ADVAPI32.dll
0x00007fff5c230000 - 0x00007fff5c2d2000 	C:\Windows\System32\sechost.dll
0x00007fff5a0d0000 - 0x00007fff5a0f7000 	C:\Windows\System32\bcrypt.dll
0x00007fff5ae50000 - 0x00007fff5af6f000 	C:\Windows\System32\RPCRT4.dll
0x00007fff59e50000 - 0x00007fff59e9d000 	C:\Windows\SYSTEM32\POWRPROF.dll
0x00007fff4bc20000 - 0x00007fff4bc29000 	C:\Windows\SYSTEM32\WSOCK32.dll
0x00007fff5b170000 - 0x00007fff5b1e1000 	C:\Windows\System32\WS2_32.dll
0x00007fff4ec50000 - 0x00007fff4ec77000 	C:\Windows\SYSTEM32\WINMM.dll
0x00007fff4e230000 - 0x00007fff4e23a000 	C:\Windows\SYSTEM32\VERSION.dll
0x00007fff59e20000 - 0x00007fff59e33000 	C:\Windows\SYSTEM32\UMPDC.dll
0x00007fff58910000 - 0x00007fff58927000 	C:\Windows\SYSTEM32\kernel.appcore.dll
0x00007fff4afe0000 - 0x00007fff4afea000 	C:\Users\Administrator\.java-caller\jre\jdk-17.0.10+7-jre\bin\jimage.dll
0x00007fff48500000 - 0x00007fff48712000 	C:\Windows\SYSTEM32\DBGHELP.DLL
0x00007fff48950000 - 0x00007fff48980000 	C:\Windows\SYSTEM32\dbgcore.DLL
0x00007fff5a220000 - 0x00007fff5a29f000 	C:\Windows\System32\bcryptPrimitives.dll
0x00007fff4ad50000 - 0x00007fff4ad75000 	C:\Users\Administrator\.java-caller\jre\jdk-17.0.10+7-jre\bin\java.dll
0x00007fff4ac70000 - 0x00007fff4ad47000 	C:\Users\Administrator\.java-caller\jre\jdk-17.0.10+7-jre\bin\jsvml.dll
0x00007fff5b9d0000 - 0x00007fff5c12a000 	C:\Windows\System32\SHELL32.dll
0x00007fff4d9e0000 - 0x00007fff4e223000 	C:\Windows\SYSTEM32\windows.storage.dll
0x00007fff5b3d0000 - 0x00007fff5b740000 	C:\Windows\System32\combase.dll
0x00007fff5b080000 - 0x00007fff5b16a000 	C:\Windows\System32\SHCORE.dll
0x00007fff5c170000 - 0x00007fff5c1cf000 	C:\Windows\System32\shlwapi.dll
0x00007fff59ea0000 - 0x00007fff59ec5000 	C:\Windows\SYSTEM32\profapi.dll
0x00007fff4ac50000 - 0x00007fff4ac69000 	C:\Users\Administrator\.java-caller\jre\jdk-17.0.10+7-jre\bin\net.dll
0x00007fff50080000 - 0x00007fff5018b000 	C:\Windows\SYSTEM32\WINHTTP.dll
0x00007fff59480000 - 0x00007fff594e8000 	C:\Windows\system32\mswsock.dll
0x00007fff4ac30000 - 0x00007fff4ac46000 	C:\Users\Administrator\.java-caller\jre\jdk-17.0.10+7-jre\bin\nio.dll
0x00007fff4abf0000 - 0x00007fff4ac08000 	C:\Users\Administrator\.java-caller\jre\jdk-17.0.10+7-jre\bin\zip.dll
0x00007fff4afd0000 - 0x00007fff4afe0000 	C:\Users\Administrator\.java-caller\jre\jdk-17.0.10+7-jre\bin\verify.dll

dbghelp: loaded successfully - version: 4.0.5 - missing functions: none
symbol engine: initialized successfully - sym options: 0x614 - pdb path: .;C:\Users\Administrator\.java-caller\jre\jdk-17.0.10+7-jre\bin;C:\Windows\SYSTEM32;C:\Windows\WinSxS\amd64_microsoft.windows.common-controls_6595b64144ccf1df_6.0.20348.2110_none_947450d7eef395fd;C:\Users\Administrator\.java-caller\jre\jdk-17.0.10+7-jre\bin\server

VM Arguments:
jvm_args: -Xms256m -Xmx2048m 
java_command: c:\Users\Administrator\.vscode\extensions\nicolasvuillamy.vscode-groovy-lint-3.2.3\server\node_modules\npm-groovy-lint\lib/java/CodeNarcServer.jar --file C:\Users\ADMINI~1\AppData\Local\Temp\2\npm-groovy-lint\codeNarcTmpDir_0.06005917139176864\Jenkinsfile --parse -basedir=C:\Users\ADMINI~1\AppData\Local\Temp\2\npm-groovy-lint\codeNarcTmpDir_0.06005917139176864 -ruleset=%7B%22AbstractClassName%22%3A%7B%7D%2C%22AbstractClassWithoutAbstractMethod%22%3A%7B%7D%2C%22AbstractClassWithPublicConstructor%22%3A%7B%7D%2C%22AddEmptyString%22%3A%7B%7D%2C%22AssertWithinFinallyBlock%22%3A%7B%7D%2C%22AssignCollectionSort%22%3A%7B%7D%2C%22AssignCollectionUnique%22%3A%7B%7D%2C%22AssignmentInConditional%22%3A%7B%7D%2C%22AssignmentToStaticFieldFromInstanceMethod%22%3A%7B%7D%2C%22BigDecimalInstantiation%22%3A%7B%7D%2C%22BitwiseOperatorInConditional%22%3A%7B%7D%2C%22BlankLineBeforePackage%22%3A%7B%7D%2C%22BlockEndsWithBlankLine%22%3A%7B%7D%2C%22BlockStartsWithBlankLine%22%3A%7B%7D%2C%22BooleanGetBoolean%22%3A%7B%7D%2C%22BooleanMethodReturnsNull%22%3A%7B%7D%2C%22BracesForClass%22%3A%7B%22priority%22%3A3%7D%2C%22BracesForForLoop%22%3A%7B%22priority%22%3A3%7D%2C%22BracesForIfElse%22%3A%7B%22priority%22%3A3%7D%2C%22BracesForMethod%22%3A%7B%22priority%22%3A3%7D%2C%22BracesForTryCatchFinally%22%3A%7B%22priority%22%3A3%7D%2C%22BrokenNullCheck%22%3A%7B%7D%2C%22BrokenOddnessCheck%22%3A%7B%7D%2C%22BuilderMethodWithSideEffects%22%3A%7B%7D%2C%22BusyWait%22%3A%7B%7D%2C%22CatchArrayIndexOutOfBoundsException%22%3A%7B%7D%2C%22CatchError%22%3A%7B%7D%2C%22CatchException%22%3A%7B%7D%2C%22CatchIllegalMonitorStateException%22%3A%7B%7D%2C%22CatchIndexOutOfBoundsException%22%3A%7B%7D%2C%22CatchNullPointerException%22%3A%7B%7D%2C%22CatchRuntimeException%22%3A%7B%7D%2C%22CatchThrowable%22%3A%7B%7D%2C%22ChainedTest%22%3A%7B%7D%2C%22ClassEndsWithBlankLine%22%3A%7B%7D%2C%22ClassForName%22%3A%7B%7D%2C%22ClassJavadoc%22%3A%7B%7D%2C%22ClassName%22%3A%7B%7D%2C%22ClassNameSameAsFilename%22%3A%7B%7D%2C%22C
java_class_path (initial): c:\Users\Administrator\.vscode\extensions\nicolasvuillamy.vscode-groovy-lint-3.2.3\server\node_modules\npm-groovy-lint\lib/java/CodeNarcServer.jar
Launcher Type: SUN_STANDARD

[Global flags]
     intx CICompilerCount                          = 2                                         {product} {ergonomic}
   size_t InitialHeapSize                          = 268435456                                 {product} {command line}
   size_t MaxHeapSize                              = 2147483648                                {product} {command line}
   size_t MaxNewSize                               = 715784192                                 {product} {ergonomic}
   size_t MinHeapDeltaBytes                        = 196608                                    {product} {ergonomic}
   size_t MinHeapSize                              = 268435456                                 {product} {command line}
   size_t NewSize                                  = 89456640                                  {product} {ergonomic}
    uintx NonNMethodCodeHeapSize                   = 5826188                                {pd product} {ergonomic}
    uintx NonProfiledCodeHeapSize                  = 122916026                              {pd product} {ergonomic}
   size_t OldSize                                  = 178978816                                 {product} {ergonomic}
    uintx ProfiledCodeHeapSize                     = 122916026                              {pd product} {ergonomic}
    uintx ReservedCodeCacheSize                    = 251658240                              {pd product} {ergonomic}
     bool SegmentedCodeCache                       = true                                      {product} {ergonomic}
   size_t SoftMaxHeapSize                          = 2147483648                             {manageable} {ergonomic}
     bool UseCompressedClassPointers               = true                           {product lp64_product} {ergonomic}
     bool UseCompressedOops                        = true                           {product lp64_product} {ergonomic}
     bool UseLargePagesIndividualAllocation        = false                                  {pd product} {ergonomic}
     bool UseSerialGC                              = true                                      {product} {ergonomic}

Logging:
Log output configuration:
 #0: stdout all=warning uptime,level,tags
 #1: stderr all=off uptime,level,tags

Environment Variables:
JAVA_HOME=C:\Users\Administrator\.java-caller\jre\jdk-17.0.10+7-jre
PATH=C:\Users\Administrator\.java-caller\jre\jdk-17.0.10+7-jre\bin;C:\Windows\system32;C:\Windows;C:\Windows\System32\Wbem;C:\Windows\System32\WindowsPowerShell\v1.0\;C:\Windows\System32\OpenSSH\;C:\Program Files\Amazon\cfn-bootstrap\;C:\Program Files\Git\cmd;C:\Users\Administrator\Desktop\Terraform;C:\Program Files\Amazon\AWSCLIV2\;C:\Program Files\PuTTY\;C:\Users\Administrator\AppData\Local\Microsoft\WindowsApps;C:\Users\Administrator\AppData\Local\Programs\Microsoft VS Code\bin
USERNAME=Administrator
OS=Windows_NT
PROCESSOR_IDENTIFIER=Intel64 Family 6 Model 63 Stepping 2, GenuineIntel
TMP=C:\Users\ADMINI~1\AppData\Local\Temp\2
TEMP=C:\Users\ADMINI~1\AppData\Local\Temp\2



Periodic native trim disabled


---------------  S Y S T E M  ---------------

OS:
 Windows Server 2022 , 64 bit Build 20348 (10.0.20348.2110)
OS uptime: 0 days 2:22 hours
Xen hardware-assisted virtualization detected

CPU: total 1 (initial active 1) (1 cores per cpu, 1 threads per core) family 6 model 63 stepping 2 microcode 0x49, cx8, cmov, fxsr, mmx, sse, sse2, sse3, ssse3, sse4.1, sse4.2, popcnt, lzcnt, tsc, avx, avx2, aes, erms, clmul, bmi1, bmi2, fma, vzeroupper, clflush, hv
Processor Information for all 1 processors :
  Max Mhz: 2400, Current Mhz: 2400, Mhz Limit: 2400

Memory: 4k page, system-wide physical 1023M (46M free)
TotalPageFile size 4863M (AvailPageFile size 4M)
current process WorkingSet (physical memory assigned to process): 112M, peak: 140M
current process commit charge ("private bytes"): 342M, peak: 355M

vm_info: OpenJDK 64-Bit Server VM (17.0.10+7) for windows-amd64 JRE (17.0.10+7), built on Jan 16 2024 23:25:11 by "admin" with MS VC++ 16.10 / 16.11 (VS2019)

END.
